{"E:\\React Projects\\portfolio_backend_node\\index.js": {"path":"E:\\React Projects\\portfolio_backend_node\\index.js","statementMap":{"0":{"start":{"line":1,"column":0},"end":{"line":1,"column":18}},"1":{"start":{"line":2,"column":16},"end":{"line":2,"column":34}},"2":{"start":{"line":3,"column":12},"end":{"line":3,"column":21}},"3":{"start":{"line":5,"column":0},"end":{"line":5,"column":30}},"4":{"start":{"line":6,"column":0},"end":{"line":6,"column":34}},"5":{"start":{"line":7,"column":0},"end":{"line":7,"column":26}},"6":{"start":{"line":8,"column":0},"end":{"line":8,"column":33}},"7":{"start":{"line":10,"column":33},"end":{"line":10,"column":44}},"8":{"start":{"line":12,"column":13},"end":{"line":12,"column":25}},"9":{"start":{"line":14,"column":15},"end":{"line":19,"column":1}},"10":{"start":{"line":15,"column":2},"end":{"line":18,"column":3}},"11":{"start":{"line":21,"column":0},"end":{"line":21,"column":24}}},"fnMap":{"0":{"name":"(anonymous_0)","decl":{"start":{"line":14,"column":32},"end":{"line":14,"column":33}},"loc":{"start":{"line":15,"column":2},"end":{"line":18,"column":3}},"line":15}},"branchMap":{"0":{"loc":{"start":{"line":12,"column":13},"end":{"line":12,"column":25}},"type":"binary-expr","locations":[{"start":{"line":12,"column":13},"end":{"line":12,"column":17}},{"start":{"line":12,"column":21},"end":{"line":12,"column":25}}],"line":12}},"s":{"0":8,"1":8,"2":8,"3":8,"4":8,"5":8,"6":8,"7":8,"8":8,"9":8,"10":8,"11":8},"f":{"0":8},"b":{"0":[8,0]},"_coverageSchema":"1a1c01bbd47fc00a2c39e90264f33305004495a9","hash":"20628f1ffa6bfcbfbfb2b344294dcddff918323f"}
,"E:\\React Projects\\portfolio_backend_node\\middleware\\admin.js": {"path":"E:\\React Projects\\portfolio_backend_node\\middleware\\admin.js","statementMap":{"0":{"start":{"line":1,"column":0},"end":{"line":5,"column":2}},"1":{"start":{"line":2,"column":2},"end":{"line":3,"column":50}},"2":{"start":{"line":3,"column":4},"end":{"line":3,"column":50}},"3":{"start":{"line":4,"column":2},"end":{"line":4,"column":16}}},"fnMap":{"0":{"name":"(anonymous_0)","decl":{"start":{"line":1,"column":17},"end":{"line":1,"column":18}},"loc":{"start":{"line":1,"column":43},"end":{"line":5,"column":1}},"line":1}},"branchMap":{"0":{"loc":{"start":{"line":2,"column":2},"end":{"line":3,"column":50}},"type":"if","locations":[{"start":{"line":2,"column":2},"end":{"line":3,"column":50}},{"start":{"line":2,"column":2},"end":{"line":3,"column":50}}],"line":2}},"s":{"0":9,"1":85,"2":11,"3":74},"f":{"0":85},"b":{"0":[11,74]},"_coverageSchema":"1a1c01bbd47fc00a2c39e90264f33305004495a9","hash":"ab45c425cafbbcd956af2f052f65e1c3fac2ae20"}
,"E:\\React Projects\\portfolio_backend_node\\middleware\\auth.js": {"path":"E:\\React Projects\\portfolio_backend_node\\middleware\\auth.js","statementMap":{"0":{"start":{"line":1,"column":12},"end":{"line":1,"column":35}},"1":{"start":{"line":3,"column":0},"end":{"line":14,"column":2}},"2":{"start":{"line":4,"column":16},"end":{"line":4,"column":43}},"3":{"start":{"line":5,"column":2},"end":{"line":5,"column":78}},"4":{"start":{"line":5,"column":14},"end":{"line":5,"column":78}},"5":{"start":{"line":7,"column":2},"end":{"line":13,"column":3}},"6":{"start":{"line":8,"column":20},"end":{"line":8,"column":58}},"7":{"start":{"line":9,"column":4},"end":{"line":9,"column":23}},"8":{"start":{"line":10,"column":4},"end":{"line":10,"column":18}},"9":{"start":{"line":12,"column":4},"end":{"line":12,"column":49}}},"fnMap":{"0":{"name":"(anonymous_0)","decl":{"start":{"line":3,"column":17},"end":{"line":3,"column":18}},"loc":{"start":{"line":3,"column":43},"end":{"line":14,"column":1}},"line":3}},"branchMap":{"0":{"loc":{"start":{"line":5,"column":2},"end":{"line":5,"column":78}},"type":"if","locations":[{"start":{"line":5,"column":2},"end":{"line":5,"column":78}},{"start":{"line":5,"column":2},"end":{"line":5,"column":78}}],"line":5}},"s":{"0":8,"1":8,"2":95,"3":95,"4":11,"5":84,"6":84,"7":84,"8":84,"9":0},"f":{"0":95},"b":{"0":[11,84]},"_coverageSchema":"1a1c01bbd47fc00a2c39e90264f33305004495a9","hash":"12a56f59cea95af17963a51fd23081e6837c7d44"}
,"E:\\React Projects\\portfolio_backend_node\\middleware\\error.js": {"path":"E:\\React Projects\\portfolio_backend_node\\middleware\\error.js","statementMap":{"0":{"start":{"line":1,"column":0},"end":{"line":26,"column":2}},"1":{"start":{"line":1,"column":29},"end":{"line":26,"column":1}},"2":{"start":{"line":2,"column":2},"end":{"line":7,"column":3}},"3":{"start":{"line":3,"column":4},"end":{"line":6,"column":5}},"4":{"start":{"line":4,"column":6},"end":{"line":4,"column":55}},"5":{"start":{"line":5,"column":6},"end":{"line":5,"column":62}},"6":{"start":{"line":9,"column":2},"end":{"line":17,"column":3}},"7":{"start":{"line":10,"column":4},"end":{"line":16,"column":8}},"8":{"start":{"line":19,"column":2},"end":{"line":21,"column":3}},"9":{"start":{"line":20,"column":4},"end":{"line":20,"column":54}},"10":{"start":{"line":23,"column":2},"end":{"line":23,"column":33}},"11":{"start":{"line":25,"column":2},"end":{"line":25,"column":12}}},"fnMap":{"0":{"name":"(anonymous_0)","decl":{"start":{"line":1,"column":17},"end":{"line":1,"column":18}},"loc":{"start":{"line":1,"column":29},"end":{"line":26,"column":1}},"line":1},"1":{"name":"(anonymous_1)","decl":{"start":{"line":1,"column":29},"end":{"line":1,"column":30}},"loc":{"start":{"line":1,"column":54},"end":{"line":26,"column":1}},"line":1}},"branchMap":{"0":{"loc":{"start":{"line":2,"column":2},"end":{"line":7,"column":3}},"type":"if","locations":[{"start":{"line":2,"column":2},"end":{"line":7,"column":3}},{"start":{"line":2,"column":2},"end":{"line":7,"column":3}}],"line":2},"1":{"loc":{"start":{"line":9,"column":2},"end":{"line":17,"column":3}},"type":"if","locations":[{"start":{"line":9,"column":2},"end":{"line":17,"column":3}},{"start":{"line":9,"column":2},"end":{"line":17,"column":3}}],"line":9},"2":{"loc":{"start":{"line":9,"column":6},"end":{"line":9,"column":53}},"type":"binary-expr","locations":[{"start":{"line":9,"column":6},"end":{"line":9,"column":31}},{"start":{"line":9,"column":35},"end":{"line":9,"column":53}}],"line":9},"3":{"loc":{"start":{"line":19,"column":2},"end":{"line":21,"column":3}},"type":"if","locations":[{"start":{"line":19,"column":2},"end":{"line":21,"column":3}},{"start":{"line":19,"column":2},"end":{"line":21,"column":3}}],"line":19},"4":{"loc":{"start":{"line":19,"column":6},"end":{"line":19,"column":57}},"type":"binary-expr","locations":[{"start":{"line":19,"column":6},"end":{"line":19,"column":30}},{"start":{"line":19,"column":34},"end":{"line":19,"column":57}}],"line":19}},"s":{"0":8,"1":8,"2":6,"3":1,"4":1,"5":1,"6":5,"7":4,"8":1,"9":0,"10":1,"11":1},"f":{"0":8,"1":6},"b":{"0":[1,5],"1":[4,1],"2":[5,4],"3":[0,1],"4":[1,0]},"_coverageSchema":"1a1c01bbd47fc00a2c39e90264f33305004495a9","hash":"fe2c1c4d2221e137d4b5deadd40e71360c228996"}
,"E:\\React Projects\\portfolio_backend_node\\middleware\\isMongooseId.js": {"path":"E:\\React Projects\\portfolio_backend_node\\middleware\\isMongooseId.js","statementMap":{"0":{"start":{"line":1,"column":17},"end":{"line":1,"column":36}},"1":{"start":{"line":3,"column":0},"end":{"line":10,"column":2}},"2":{"start":{"line":4,"column":2},"end":{"line":9,"column":3}},"3":{"start":{"line":5,"column":4},"end":{"line":8,"column":5}},"4":{"start":{"line":6,"column":6},"end":{"line":6,"column":67}},"5":{"start":{"line":6,"column":53},"end":{"line":6,"column":67}},"6":{"start":{"line":7,"column":6},"end":{"line":7,"column":57}}},"fnMap":{"0":{"name":"(anonymous_0)","decl":{"start":{"line":3,"column":17},"end":{"line":3,"column":18}},"loc":{"start":{"line":3,"column":37},"end":{"line":10,"column":1}},"line":3}},"branchMap":{"0":{"loc":{"start":{"line":4,"column":2},"end":{"line":9,"column":3}},"type":"if","locations":[{"start":{"line":4,"column":2},"end":{"line":9,"column":3}},{"start":{"line":4,"column":2},"end":{"line":9,"column":3}}],"line":4},"1":{"loc":{"start":{"line":6,"column":6},"end":{"line":6,"column":67}},"type":"if","locations":[{"start":{"line":6,"column":6},"end":{"line":6,"column":67}},{"start":{"line":6,"column":6},"end":{"line":6,"column":67}}],"line":6}},"s":{"0":9,"1":9,"2":34,"3":34,"4":34,"5":33,"6":1},"f":{"0":34},"b":{"0":[34,0],"1":[33,1]},"_coverageSchema":"1a1c01bbd47fc00a2c39e90264f33305004495a9","hash":"df52a908f553cdb6c57cd5a37c6212252d832b42"}
,"E:\\React Projects\\portfolio_backend_node\\model\\Contact.js": {"path":"E:\\React Projects\\portfolio_backend_node\\model\\Contact.js","statementMap":{"0":{"start":{"line":1,"column":17},"end":{"line":1,"column":36}},"1":{"start":{"line":2,"column":12},"end":{"line":2,"column":32}},"2":{"start":{"line":4,"column":22},"end":{"line":22,"column":1}},"3":{"start":{"line":24,"column":16},"end":{"line":24,"column":56}},"4":{"start":{"line":26,"column":17},"end":{"line":38,"column":1}},"5":{"start":{"line":27,"column":17},"end":{"line":35,"column":4}},"6":{"start":{"line":37,"column":2},"end":{"line":37,"column":34}},"7":{"start":{"line":40,"column":0},"end":{"line":40,"column":33}},"8":{"start":{"line":41,"column":0},"end":{"line":41,"column":35}}},"fnMap":{"0":{"name":"(anonymous_0)","decl":{"start":{"line":26,"column":17},"end":{"line":26,"column":18}},"loc":{"start":{"line":26,"column":30},"end":{"line":38,"column":1}},"line":26}},"branchMap":{},"s":{"0":8,"1":8,"2":8,"3":8,"4":8,"5":0,"6":0,"7":8,"8":8},"f":{"0":0},"b":{},"_coverageSchema":"1a1c01bbd47fc00a2c39e90264f33305004495a9","hash":"2509eb0b197263a6135b739af50240d23bbf62cf"}
,"E:\\React Projects\\portfolio_backend_node\\model\\Education.js": {"path":"E:\\React Projects\\portfolio_backend_node\\model\\Education.js","statementMap":{"0":{"start":{"line":1,"column":17},"end":{"line":1,"column":36}},"1":{"start":{"line":2,"column":12},"end":{"line":2,"column":32}},"2":{"start":{"line":4,"column":18},"end":{"line":28,"column":1}},"3":{"start":{"line":30,"column":18},"end":{"line":30,"column":56}},"4":{"start":{"line":32,"column":17},"end":{"line":41,"column":1}},"5":{"start":{"line":33,"column":17},"end":{"line":38,"column":4}},"6":{"start":{"line":40,"column":2},"end":{"line":40,"column":30}},"7":{"start":{"line":43,"column":0},"end":{"line":43,"column":37}},"8":{"start":{"line":44,"column":0},"end":{"line":44,"column":35}}},"fnMap":{"0":{"name":"(anonymous_0)","decl":{"start":{"line":32,"column":17},"end":{"line":32,"column":18}},"loc":{"start":{"line":32,"column":26},"end":{"line":41,"column":1}},"line":32}},"branchMap":{},"s":{"0":8,"1":8,"2":8,"3":8,"4":8,"5":4,"6":4,"7":8,"8":8},"f":{"0":4},"b":{},"_coverageSchema":"1a1c01bbd47fc00a2c39e90264f33305004495a9","hash":"1cbcbc826934203af7f8b1d2737032f8298ed33a"}
,"E:\\React Projects\\portfolio_backend_node\\model\\Employment.js": {"path":"E:\\React Projects\\portfolio_backend_node\\model\\Employment.js","statementMap":{"0":{"start":{"line":1,"column":17},"end":{"line":1,"column":36}},"1":{"start":{"line":2,"column":12},"end":{"line":2,"column":32}},"2":{"start":{"line":4,"column":25},"end":{"line":28,"column":1}},"3":{"start":{"line":30,"column":19},"end":{"line":30,"column":65}},"4":{"start":{"line":32,"column":17},"end":{"line":41,"column":1}},"5":{"start":{"line":33,"column":17},"end":{"line":38,"column":4}},"6":{"start":{"line":40,"column":2},"end":{"line":40,"column":37}},"7":{"start":{"line":43,"column":0},"end":{"line":43,"column":39}},"8":{"start":{"line":44,"column":0},"end":{"line":44,"column":35}}},"fnMap":{"0":{"name":"(anonymous_0)","decl":{"start":{"line":32,"column":17},"end":{"line":32,"column":18}},"loc":{"start":{"line":32,"column":33},"end":{"line":41,"column":1}},"line":32}},"branchMap":{},"s":{"0":8,"1":8,"2":8,"3":8,"4":8,"5":4,"6":4,"7":8,"8":8},"f":{"0":4},"b":{},"_coverageSchema":"1a1c01bbd47fc00a2c39e90264f33305004495a9","hash":"814fd69ea3427fd12dc518225fb3f7569f6dd7d4"}
,"E:\\React Projects\\portfolio_backend_node\\model\\My_Info.js": {"path":"E:\\React Projects\\portfolio_backend_node\\model\\My_Info.js","statementMap":{"0":{"start":{"line":1,"column":17},"end":{"line":1,"column":36}},"1":{"start":{"line":2,"column":19},"end":{"line":2,"column":38}},"2":{"start":{"line":3,"column":12},"end":{"line":3,"column":32}},"3":{"start":{"line":5,"column":22},"end":{"line":52,"column":1}},"4":{"start":{"line":54,"column":16},"end":{"line":54,"column":56}},"5":{"start":{"line":56,"column":17},"end":{"line":74,"column":1}},"6":{"start":{"line":57,"column":17},"end":{"line":71,"column":4}},"7":{"start":{"line":73,"column":2},"end":{"line":73,"column":31}},"8":{"start":{"line":76,"column":0},"end":{"line":76,"column":33}},"9":{"start":{"line":77,"column":0},"end":{"line":77,"column":35}}},"fnMap":{"0":{"name":"(anonymous_0)","decl":{"start":{"line":56,"column":17},"end":{"line":56,"column":18}},"loc":{"start":{"line":56,"column":27},"end":{"line":74,"column":1}},"line":56}},"branchMap":{},"s":{"0":8,"1":8,"2":8,"3":8,"4":8,"5":8,"6":2,"7":2,"8":8,"9":8},"f":{"0":2},"b":{},"_coverageSchema":"1a1c01bbd47fc00a2c39e90264f33305004495a9","hash":"a6a17af8f990b599c24f5a2dd66a77551fb2a1c4"}
,"E:\\React Projects\\portfolio_backend_node\\model\\Project.js": {"path":"E:\\React Projects\\portfolio_backend_node\\model\\Project.js","statementMap":{"0":{"start":{"line":1,"column":17},"end":{"line":1,"column":36}},"1":{"start":{"line":2,"column":12},"end":{"line":2,"column":32}},"2":{"start":{"line":4,"column":22},"end":{"line":29,"column":1}},"3":{"start":{"line":31,"column":16},"end":{"line":31,"column":56}},"4":{"start":{"line":33,"column":17},"end":{"line":43,"column":1}},"5":{"start":{"line":34,"column":17},"end":{"line":40,"column":4}},"6":{"start":{"line":42,"column":2},"end":{"line":42,"column":34}},"7":{"start":{"line":45,"column":0},"end":{"line":45,"column":33}},"8":{"start":{"line":46,"column":0},"end":{"line":46,"column":35}}},"fnMap":{"0":{"name":"(anonymous_0)","decl":{"start":{"line":33,"column":17},"end":{"line":33,"column":18}},"loc":{"start":{"line":33,"column":30},"end":{"line":43,"column":1}},"line":33}},"branchMap":{},"s":{"0":8,"1":8,"2":8,"3":8,"4":8,"5":0,"6":0,"7":8,"8":8},"f":{"0":0},"b":{},"_coverageSchema":"1a1c01bbd47fc00a2c39e90264f33305004495a9","hash":"9819ea9862d1df7c07680bfb13490db0a5878813"}
,"E:\\React Projects\\portfolio_backend_node\\model\\ProjectCategory.js": {"path":"E:\\React Projects\\portfolio_backend_node\\model\\ProjectCategory.js","statementMap":{"0":{"start":{"line":1,"column":17},"end":{"line":1,"column":36}},"1":{"start":{"line":2,"column":12},"end":{"line":2,"column":32}},"2":{"start":{"line":4,"column":23},"end":{"line":18,"column":1}},"3":{"start":{"line":20,"column":0},"end":{"line":23,"column":3}},"4":{"start":{"line":21,"column":2},"end":{"line":21,"column":65}},"5":{"start":{"line":22,"column":2},"end":{"line":22,"column":16}},"6":{"start":{"line":25,"column":24},"end":{"line":25,"column":73}},"7":{"start":{"line":27,"column":17},"end":{"line":34,"column":1}},"8":{"start":{"line":28,"column":17},"end":{"line":31,"column":4}},"9":{"start":{"line":33,"column":2},"end":{"line":33,"column":35}},"10":{"start":{"line":36,"column":0},"end":{"line":36,"column":49}},"11":{"start":{"line":37,"column":0},"end":{"line":37,"column":35}}},"fnMap":{"0":{"name":"(anonymous_0)","decl":{"start":{"line":20,"column":29},"end":{"line":20,"column":30}},"loc":{"start":{"line":20,"column":51},"end":{"line":23,"column":1}},"line":20},"1":{"name":"(anonymous_1)","decl":{"start":{"line":27,"column":17},"end":{"line":27,"column":18}},"loc":{"start":{"line":27,"column":31},"end":{"line":34,"column":1}},"line":27}},"branchMap":{},"s":{"0":8,"1":8,"2":8,"3":8,"4":1,"5":1,"6":8,"7":8,"8":4,"9":4,"10":8,"11":8},"f":{"0":1,"1":4},"b":{},"_coverageSchema":"1a1c01bbd47fc00a2c39e90264f33305004495a9","hash":"a04d859fadc7d6b9022dfd6457a97012e18a3e8d"}
,"E:\\React Projects\\portfolio_backend_node\\model\\Skill.js": {"path":"E:\\React Projects\\portfolio_backend_node\\model\\Skill.js","statementMap":{"0":{"start":{"line":1,"column":17},"end":{"line":1,"column":36}},"1":{"start":{"line":2,"column":12},"end":{"line":2,"column":32}},"2":{"start":{"line":4,"column":20},"end":{"line":25,"column":2}},"3":{"start":{"line":27,"column":14},"end":{"line":27,"column":50}},"4":{"start":{"line":29,"column":17},"end":{"line":38,"column":1}},"5":{"start":{"line":30,"column":17},"end":{"line":35,"column":4}},"6":{"start":{"line":37,"column":2},"end":{"line":37,"column":32}},"7":{"start":{"line":40,"column":0},"end":{"line":40,"column":29}},"8":{"start":{"line":41,"column":0},"end":{"line":41,"column":35}}},"fnMap":{"0":{"name":"(anonymous_0)","decl":{"start":{"line":29,"column":17},"end":{"line":29,"column":18}},"loc":{"start":{"line":29,"column":28},"end":{"line":38,"column":1}},"line":29}},"branchMap":{},"s":{"0":8,"1":8,"2":8,"3":8,"4":8,"5":5,"6":5,"7":8,"8":8},"f":{"0":5},"b":{},"_coverageSchema":"1a1c01bbd47fc00a2c39e90264f33305004495a9","hash":"fdc60df0c09226c7a14b7952f7a813f965f72160"}
,"E:\\React Projects\\portfolio_backend_node\\model\\SkillLabel.js": {"path":"E:\\React Projects\\portfolio_backend_node\\model\\SkillLabel.js","statementMap":{"0":{"start":{"line":1,"column":17},"end":{"line":1,"column":36}},"1":{"start":{"line":2,"column":12},"end":{"line":2,"column":32}},"2":{"start":{"line":4,"column":25},"end":{"line":18,"column":1}},"3":{"start":{"line":20,"column":0},"end":{"line":23,"column":3}},"4":{"start":{"line":21,"column":2},"end":{"line":21,"column":60}},"5":{"start":{"line":22,"column":2},"end":{"line":22,"column":16}},"6":{"start":{"line":25,"column":19},"end":{"line":25,"column":65}},"7":{"start":{"line":27,"column":0},"end":{"line":27,"column":53}},"8":{"start":{"line":27,"column":20},"end":{"line":27,"column":52}},"9":{"start":{"line":28,"column":0},"end":{"line":28,"column":8}},"10":{"start":{"line":30,"column":17},"end":{"line":37,"column":1}},"11":{"start":{"line":31,"column":17},"end":{"line":34,"column":4}},"12":{"start":{"line":36,"column":2},"end":{"line":36,"column":37}},"13":{"start":{"line":39,"column":0},"end":{"line":39,"column":39}},"14":{"start":{"line":40,"column":0},"end":{"line":40,"column":35}}},"fnMap":{"0":{"name":"(anonymous_0)","decl":{"start":{"line":20,"column":31},"end":{"line":20,"column":32}},"loc":{"start":{"line":20,"column":53},"end":{"line":23,"column":1}},"line":20},"1":{"name":"(anonymous_1)","decl":{"start":{"line":27,"column":8},"end":{"line":27,"column":9}},"loc":{"start":{"line":27,"column":20},"end":{"line":27,"column":52}},"line":27},"2":{"name":"(anonymous_2)","decl":{"start":{"line":30,"column":17},"end":{"line":30,"column":18}},"loc":{"start":{"line":30,"column":33},"end":{"line":37,"column":1}},"line":30}},"branchMap":{},"s":{"0":8,"1":8,"2":8,"3":8,"4":1,"5":1,"6":8,"7":8,"8":8,"9":8,"10":8,"11":4,"12":4,"13":8,"14":8},"f":{"0":1,"1":8,"2":4},"b":{},"_coverageSchema":"1a1c01bbd47fc00a2c39e90264f33305004495a9","hash":"b7b42a6788ce36113f8543e2757de7cfbf86af06"}
,"E:\\React Projects\\portfolio_backend_node\\model\\SkillLevel.js": {"path":"E:\\React Projects\\portfolio_backend_node\\model\\SkillLevel.js","statementMap":{"0":{"start":{"line":1,"column":17},"end":{"line":1,"column":36}},"1":{"start":{"line":2,"column":12},"end":{"line":2,"column":32}},"2":{"start":{"line":4,"column":25},"end":{"line":13,"column":1}},"3":{"start":{"line":15,"column":19},"end":{"line":15,"column":65}},"4":{"start":{"line":17,"column":17},"end":{"line":23,"column":1}},"5":{"start":{"line":18,"column":17},"end":{"line":20,"column":4}},"6":{"start":{"line":22,"column":2},"end":{"line":22,"column":37}},"7":{"start":{"line":25,"column":0},"end":{"line":25,"column":39}},"8":{"start":{"line":26,"column":0},"end":{"line":26,"column":35}}},"fnMap":{"0":{"name":"(anonymous_0)","decl":{"start":{"line":17,"column":17},"end":{"line":17,"column":18}},"loc":{"start":{"line":17,"column":33},"end":{"line":23,"column":1}},"line":17}},"branchMap":{},"s":{"0":8,"1":8,"2":8,"3":8,"4":8,"5":4,"6":4,"7":8,"8":8},"f":{"0":4},"b":{},"_coverageSchema":"1a1c01bbd47fc00a2c39e90264f33305004495a9","hash":"950ee1ff1df192c76952607d432995f68490f560"}
,"E:\\React Projects\\portfolio_backend_node\\model\\Stack.js": {"path":"E:\\React Projects\\portfolio_backend_node\\model\\Stack.js","statementMap":{"0":{"start":{"line":1,"column":17},"end":{"line":1,"column":36}},"1":{"start":{"line":2,"column":12},"end":{"line":2,"column":32}},"2":{"start":{"line":4,"column":20},"end":{"line":13,"column":1}},"3":{"start":{"line":15,"column":14},"end":{"line":15,"column":50}},"4":{"start":{"line":17,"column":17},"end":{"line":23,"column":1}},"5":{"start":{"line":18,"column":17},"end":{"line":20,"column":4}},"6":{"start":{"line":22,"column":2},"end":{"line":22,"column":32}},"7":{"start":{"line":25,"column":0},"end":{"line":25,"column":29}},"8":{"start":{"line":26,"column":0},"end":{"line":26,"column":35}}},"fnMap":{"0":{"name":"(anonymous_0)","decl":{"start":{"line":17,"column":17},"end":{"line":17,"column":18}},"loc":{"start":{"line":17,"column":28},"end":{"line":23,"column":1}},"line":17}},"branchMap":{},"s":{"0":8,"1":8,"2":8,"3":8,"4":8,"5":3,"6":3,"7":8,"8":8},"f":{"0":3},"b":{},"_coverageSchema":"1a1c01bbd47fc00a2c39e90264f33305004495a9","hash":"190c4012f0cf3f1d651afae3f3b7c11d86d4d7b7"}
,"E:\\React Projects\\portfolio_backend_node\\model\\User.js": {"path":"E:\\React Projects\\portfolio_backend_node\\model\\User.js","statementMap":{"0":{"start":{"line":1,"column":17},"end":{"line":1,"column":36}},"1":{"start":{"line":2,"column":12},"end":{"line":2,"column":32}},"2":{"start":{"line":3,"column":12},"end":{"line":3,"column":35}},"3":{"start":{"line":4,"column":15},"end":{"line":4,"column":32}},"4":{"start":{"line":6,"column":19},"end":{"line":33,"column":1}},"5":{"start":{"line":35,"column":0},"end":{"line":51,"column":2}},"6":{"start":{"line":36,"column":16},"end":{"line":48,"column":3}},"7":{"start":{"line":50,"column":2},"end":{"line":50,"column":15}},"8":{"start":{"line":53,"column":0},"end":{"line":59,"column":3}},"9":{"start":{"line":54,"column":2},"end":{"line":54,"column":50}},"10":{"start":{"line":54,"column":36},"end":{"line":54,"column":50}},"11":{"start":{"line":56,"column":15},"end":{"line":56,"column":39}},"12":{"start":{"line":57,"column":2},"end":{"line":57,"column":57}},"13":{"start":{"line":58,"column":2},"end":{"line":58,"column":16}},"14":{"start":{"line":61,"column":13},"end":{"line":61,"column":47}},"15":{"start":{"line":63,"column":17},"end":{"line":80,"column":1}},"16":{"start":{"line":64,"column":17},"end":{"line":77,"column":4}},"17":{"start":{"line":79,"column":2},"end":{"line":79,"column":31}},"18":{"start":{"line":82,"column":0},"end":{"line":82,"column":27}},"19":{"start":{"line":83,"column":0},"end":{"line":83,"column":35}}},"fnMap":{"0":{"name":"(anonymous_0)","decl":{"start":{"line":35,"column":33},"end":{"line":35,"column":34}},"loc":{"start":{"line":35,"column":45},"end":{"line":51,"column":1}},"line":35},"1":{"name":"(anonymous_1)","decl":{"start":{"line":53,"column":23},"end":{"line":53,"column":24}},"loc":{"start":{"line":53,"column":45},"end":{"line":59,"column":1}},"line":53},"2":{"name":"(anonymous_2)","decl":{"start":{"line":63,"column":17},"end":{"line":63,"column":18}},"loc":{"start":{"line":63,"column":27},"end":{"line":80,"column":1}},"line":63}},"branchMap":{"0":{"loc":{"start":{"line":54,"column":2},"end":{"line":54,"column":50}},"type":"if","locations":[{"start":{"line":54,"column":2},"end":{"line":54,"column":50}},{"start":{"line":54,"column":2},"end":{"line":54,"column":50}}],"line":54}},"s":{"0":9,"1":9,"2":9,"3":9,"4":9,"5":9,"6":113,"7":113,"8":9,"9":0,"10":0,"11":0,"12":0,"13":0,"14":9,"15":9,"16":0,"17":0,"18":9,"19":9},"f":{"0":113,"1":0,"2":0},"b":{"0":[0,0]},"_coverageSchema":"1a1c01bbd47fc00a2c39e90264f33305004495a9","hash":"699a2961b23eba219dbc66ee8e8a5afd79af001c"}
,"E:\\React Projects\\portfolio_backend_node\\router\\auth.js": {"path":"E:\\React Projects\\portfolio_backend_node\\router\\auth.js","statementMap":{"0":{"start":{"line":1,"column":16},"end":{"line":1,"column":34}},"1":{"start":{"line":2,"column":15},"end":{"line":2,"column":31}},"2":{"start":{"line":3,"column":17},"end":{"line":3,"column":41}},"3":{"start":{"line":4,"column":15},"end":{"line":4,"column":32}},"4":{"start":{"line":5,"column":12},"end":{"line":5,"column":32}},"5":{"start":{"line":7,"column":0},"end":{"line":19,"column":3}},"6":{"start":{"line":8,"column":20},"end":{"line":8,"column":38}},"7":{"start":{"line":9,"column":2},"end":{"line":9,"column":67}},"8":{"start":{"line":9,"column":13},"end":{"line":9,"column":67}},"9":{"start":{"line":11,"column":15},"end":{"line":11,"column":60}},"10":{"start":{"line":12,"column":2},"end":{"line":12,"column":61}},"11":{"start":{"line":12,"column":13},"end":{"line":12,"column":61}},"12":{"start":{"line":14,"column":17},"end":{"line":14,"column":71}},"13":{"start":{"line":15,"column":2},"end":{"line":15,"column":77}},"14":{"start":{"line":15,"column":15},"end":{"line":15,"column":77}},"15":{"start":{"line":17,"column":16},"end":{"line":17,"column":34}},"16":{"start":{"line":18,"column":2},"end":{"line":18,"column":37}},"17":{"start":{"line":21,"column":17},"end":{"line":28,"column":1}},"18":{"start":{"line":22,"column":17},"end":{"line":25,"column":4}},"19":{"start":{"line":27,"column":2},"end":{"line":27,"column":31}},"20":{"start":{"line":30,"column":0},"end":{"line":30,"column":24}}},"fnMap":{"0":{"name":"(anonymous_0)","decl":{"start":{"line":7,"column":17},"end":{"line":7,"column":18}},"loc":{"start":{"line":7,"column":37},"end":{"line":19,"column":1}},"line":7},"1":{"name":"(anonymous_1)","decl":{"start":{"line":21,"column":17},"end":{"line":21,"column":18}},"loc":{"start":{"line":21,"column":27},"end":{"line":28,"column":1}},"line":21}},"branchMap":{"0":{"loc":{"start":{"line":9,"column":2},"end":{"line":9,"column":67}},"type":"if","locations":[{"start":{"line":9,"column":2},"end":{"line":9,"column":67}},{"start":{"line":9,"column":2},"end":{"line":9,"column":67}}],"line":9},"1":{"loc":{"start":{"line":12,"column":2},"end":{"line":12,"column":61}},"type":"if","locations":[{"start":{"line":12,"column":2},"end":{"line":12,"column":61}},{"start":{"line":12,"column":2},"end":{"line":12,"column":61}}],"line":12},"2":{"loc":{"start":{"line":15,"column":2},"end":{"line":15,"column":77}},"type":"if","locations":[{"start":{"line":15,"column":2},"end":{"line":15,"column":77}},{"start":{"line":15,"column":2},"end":{"line":15,"column":77}}],"line":15}},"s":{"0":8,"1":8,"2":8,"3":8,"4":8,"5":8,"6":0,"7":0,"8":0,"9":0,"10":0,"11":0,"12":0,"13":0,"14":0,"15":0,"16":0,"17":8,"18":0,"19":0,"20":8},"f":{"0":0,"1":0},"b":{"0":[0,0],"1":[0,0],"2":[0,0]},"_coverageSchema":"1a1c01bbd47fc00a2c39e90264f33305004495a9","hash":"031acf1dca81393ad1ac61a08b6689d4bbf75a45"}
,"E:\\React Projects\\portfolio_backend_node\\router\\contacts.js": {"path":"E:\\React Projects\\portfolio_backend_node\\router\\contacts.js","statementMap":{"0":{"start":{"line":1,"column":16},"end":{"line":1,"column":34}},"1":{"start":{"line":2,"column":15},"end":{"line":2,"column":31}},"2":{"start":{"line":3,"column":30},"end":{"line":3,"column":57}},"3":{"start":{"line":4,"column":13},"end":{"line":4,"column":42}},"4":{"start":{"line":5,"column":21},"end":{"line":5,"column":58}},"5":{"start":{"line":6,"column":14},"end":{"line":6,"column":44}},"6":{"start":{"line":8,"column":0},"end":{"line":12,"column":3}},"7":{"start":{"line":9,"column":19},"end":{"line":9,"column":58}},"8":{"start":{"line":11,"column":2},"end":{"line":11,"column":40}},"9":{"start":{"line":14,"column":0},"end":{"line":22,"column":3}},"10":{"start":{"line":15,"column":20},"end":{"line":15,"column":38}},"11":{"start":{"line":16,"column":2},"end":{"line":16,"column":67}},"12":{"start":{"line":16,"column":13},"end":{"line":16,"column":67}},"13":{"start":{"line":18,"column":18},"end":{"line":18,"column":39}},"14":{"start":{"line":19,"column":2},"end":{"line":19,"column":23}},"15":{"start":{"line":21,"column":2},"end":{"line":21,"column":27}},"16":{"start":{"line":24,"column":0},"end":{"line":29,"column":3}},"17":{"start":{"line":25,"column":18},"end":{"line":25,"column":65}},"18":{"start":{"line":26,"column":2},"end":{"line":26,"column":64}},"19":{"start":{"line":26,"column":16},"end":{"line":26,"column":64}},"20":{"start":{"line":28,"column":2},"end":{"line":28,"column":27}},"21":{"start":{"line":31,"column":0},"end":{"line":31,"column":24}}},"fnMap":{"0":{"name":"(anonymous_0)","decl":{"start":{"line":8,"column":31},"end":{"line":8,"column":32}},"loc":{"start":{"line":8,"column":51},"end":{"line":12,"column":1}},"line":8},"1":{"name":"(anonymous_1)","decl":{"start":{"line":14,"column":17},"end":{"line":14,"column":18}},"loc":{"start":{"line":14,"column":37},"end":{"line":22,"column":1}},"line":14},"2":{"name":"(anonymous_2)","decl":{"start":{"line":24,"column":52},"end":{"line":24,"column":53}},"loc":{"start":{"line":24,"column":72},"end":{"line":29,"column":1}},"line":24}},"branchMap":{"0":{"loc":{"start":{"line":16,"column":2},"end":{"line":16,"column":67}},"type":"if","locations":[{"start":{"line":16,"column":2},"end":{"line":16,"column":67}},{"start":{"line":16,"column":2},"end":{"line":16,"column":67}}],"line":16},"1":{"loc":{"start":{"line":26,"column":2},"end":{"line":26,"column":64}},"type":"if","locations":[{"start":{"line":26,"column":2},"end":{"line":26,"column":64}},{"start":{"line":26,"column":2},"end":{"line":26,"column":64}}],"line":26}},"s":{"0":8,"1":8,"2":8,"3":8,"4":8,"5":8,"6":8,"7":0,"8":0,"9":8,"10":0,"11":0,"12":0,"13":0,"14":0,"15":0,"16":8,"17":0,"18":0,"19":0,"20":0,"21":8},"f":{"0":0,"1":0,"2":0},"b":{"0":[0,0],"1":[0,0]},"_coverageSchema":"1a1c01bbd47fc00a2c39e90264f33305004495a9","hash":"0c70d804a4e964061f244363de234b294e7d5476"}
,"E:\\React Projects\\portfolio_backend_node\\router\\educations.js": {"path":"E:\\React Projects\\portfolio_backend_node\\router\\educations.js","statementMap":{"0":{"start":{"line":1,"column":16},"end":{"line":1,"column":34}},"1":{"start":{"line":2,"column":15},"end":{"line":2,"column":31}},"2":{"start":{"line":3,"column":32},"end":{"line":3,"column":61}},"3":{"start":{"line":4,"column":13},"end":{"line":4,"column":42}},"4":{"start":{"line":5,"column":19},"end":{"line":5,"column":56}},"5":{"start":{"line":6,"column":14},"end":{"line":6,"column":44}},"6":{"start":{"line":8,"column":0},"end":{"line":12,"column":3}},"7":{"start":{"line":9,"column":21},"end":{"line":9,"column":62}},"8":{"start":{"line":11,"column":2},"end":{"line":11,"column":42}},"9":{"start":{"line":14,"column":0},"end":{"line":28,"column":3}},"10":{"start":{"line":15,"column":20},"end":{"line":15,"column":38}},"11":{"start":{"line":16,"column":2},"end":{"line":16,"column":67}},"12":{"start":{"line":16,"column":13},"end":{"line":16,"column":67}},"13":{"start":{"line":18,"column":18},"end":{"line":18,"column":76}},"14":{"start":{"line":19,"column":2},"end":{"line":22,"column":62}},"15":{"start":{"line":20,"column":4},"end":{"line":22,"column":62}},"16":{"start":{"line":24,"column":2},"end":{"line":24,"column":38}},"17":{"start":{"line":25,"column":2},"end":{"line":25,"column":25}},"18":{"start":{"line":27,"column":2},"end":{"line":27,"column":41}},"19":{"start":{"line":30,"column":0},"end":{"line":42,"column":3}},"20":{"start":{"line":31,"column":14},"end":{"line":38,"column":3}},"21":{"start":{"line":39,"column":2},"end":{"line":39,"column":65}},"22":{"start":{"line":39,"column":12},"end":{"line":39,"column":65}},"23":{"start":{"line":41,"column":2},"end":{"line":41,"column":35}},"24":{"start":{"line":44,"column":0},"end":{"line":49,"column":3}},"25":{"start":{"line":45,"column":14},"end":{"line":45,"column":63}},"26":{"start":{"line":46,"column":2},"end":{"line":46,"column":60}},"27":{"start":{"line":46,"column":12},"end":{"line":46,"column":60}},"28":{"start":{"line":48,"column":2},"end":{"line":48,"column":35}},"29":{"start":{"line":51,"column":0},"end":{"line":51,"column":24}}},"fnMap":{"0":{"name":"(anonymous_0)","decl":{"start":{"line":8,"column":16},"end":{"line":8,"column":17}},"loc":{"start":{"line":8,"column":36},"end":{"line":12,"column":1}},"line":8},"1":{"name":"(anonymous_1)","decl":{"start":{"line":14,"column":32},"end":{"line":14,"column":33}},"loc":{"start":{"line":14,"column":52},"end":{"line":28,"column":1}},"line":14},"2":{"name":"(anonymous_2)","decl":{"start":{"line":30,"column":47},"end":{"line":30,"column":48}},"loc":{"start":{"line":30,"column":67},"end":{"line":42,"column":1}},"line":30},"3":{"name":"(anonymous_3)","decl":{"start":{"line":44,"column":50},"end":{"line":44,"column":51}},"loc":{"start":{"line":44,"column":70},"end":{"line":49,"column":1}},"line":44}},"branchMap":{"0":{"loc":{"start":{"line":16,"column":2},"end":{"line":16,"column":67}},"type":"if","locations":[{"start":{"line":16,"column":2},"end":{"line":16,"column":67}},{"start":{"line":16,"column":2},"end":{"line":16,"column":67}}],"line":16},"1":{"loc":{"start":{"line":19,"column":2},"end":{"line":22,"column":62}},"type":"if","locations":[{"start":{"line":19,"column":2},"end":{"line":22,"column":62}},{"start":{"line":19,"column":2},"end":{"line":22,"column":62}}],"line":19},"2":{"loc":{"start":{"line":39,"column":2},"end":{"line":39,"column":65}},"type":"if","locations":[{"start":{"line":39,"column":2},"end":{"line":39,"column":65}},{"start":{"line":39,"column":2},"end":{"line":39,"column":65}}],"line":39},"3":{"loc":{"start":{"line":46,"column":2},"end":{"line":46,"column":60}},"type":"if","locations":[{"start":{"line":46,"column":2},"end":{"line":46,"column":60}},{"start":{"line":46,"column":2},"end":{"line":46,"column":60}}],"line":46}},"s":{"0":8,"1":8,"2":8,"3":8,"4":8,"5":8,"6":8,"7":1,"8":1,"9":8,"10":4,"11":4,"12":1,"13":3,"14":3,"15":1,"16":2,"17":2,"18":1,"19":8,"20":2,"21":2,"22":1,"23":1,"24":8,"25":2,"26":2,"27":1,"28":1,"29":8},"f":{"0":1,"1":4,"2":2,"3":2},"b":{"0":[1,3],"1":[1,2],"2":[1,1],"3":[1,1]},"_coverageSchema":"1a1c01bbd47fc00a2c39e90264f33305004495a9","hash":"e93a1864e1cae0fdbf8d70fc32605bddf1ccdb0a"}
,"E:\\React Projects\\portfolio_backend_node\\router\\employments.js": {"path":"E:\\React Projects\\portfolio_backend_node\\router\\employments.js","statementMap":{"0":{"start":{"line":1,"column":16},"end":{"line":1,"column":34}},"1":{"start":{"line":2,"column":15},"end":{"line":2,"column":31}},"2":{"start":{"line":3,"column":33},"end":{"line":3,"column":63}},"3":{"start":{"line":4,"column":13},"end":{"line":4,"column":42}},"4":{"start":{"line":5,"column":19},"end":{"line":5,"column":56}},"5":{"start":{"line":6,"column":14},"end":{"line":6,"column":44}},"6":{"start":{"line":8,"column":0},"end":{"line":12,"column":3}},"7":{"start":{"line":9,"column":22},"end":{"line":9,"column":64}},"8":{"start":{"line":11,"column":2},"end":{"line":11,"column":43}},"9":{"start":{"line":14,"column":0},"end":{"line":30,"column":3}},"10":{"start":{"line":15,"column":20},"end":{"line":15,"column":38}},"11":{"start":{"line":16,"column":2},"end":{"line":16,"column":67}},"12":{"start":{"line":16,"column":13},"end":{"line":16,"column":67}},"13":{"start":{"line":18,"column":19},"end":{"line":20,"column":4}},"14":{"start":{"line":21,"column":2},"end":{"line":24,"column":62}},"15":{"start":{"line":22,"column":4},"end":{"line":24,"column":62}},"16":{"start":{"line":26,"column":2},"end":{"line":26,"column":40}},"17":{"start":{"line":27,"column":2},"end":{"line":27,"column":26}},"18":{"start":{"line":29,"column":2},"end":{"line":29,"column":42}},"19":{"start":{"line":32,"column":0},"end":{"line":44,"column":3}},"20":{"start":{"line":33,"column":21},"end":{"line":40,"column":3}},"21":{"start":{"line":41,"column":2},"end":{"line":41,"column":72}},"22":{"start":{"line":41,"column":19},"end":{"line":41,"column":72}},"23":{"start":{"line":43,"column":2},"end":{"line":43,"column":42}},"24":{"start":{"line":46,"column":0},"end":{"line":51,"column":3}},"25":{"start":{"line":47,"column":21},"end":{"line":47,"column":71}},"26":{"start":{"line":48,"column":2},"end":{"line":48,"column":67}},"27":{"start":{"line":48,"column":19},"end":{"line":48,"column":67}},"28":{"start":{"line":50,"column":2},"end":{"line":50,"column":42}},"29":{"start":{"line":53,"column":0},"end":{"line":53,"column":24}}},"fnMap":{"0":{"name":"(anonymous_0)","decl":{"start":{"line":8,"column":16},"end":{"line":8,"column":17}},"loc":{"start":{"line":8,"column":36},"end":{"line":12,"column":1}},"line":8},"1":{"name":"(anonymous_1)","decl":{"start":{"line":14,"column":32},"end":{"line":14,"column":33}},"loc":{"start":{"line":14,"column":52},"end":{"line":30,"column":1}},"line":14},"2":{"name":"(anonymous_2)","decl":{"start":{"line":32,"column":47},"end":{"line":32,"column":48}},"loc":{"start":{"line":32,"column":67},"end":{"line":44,"column":1}},"line":32},"3":{"name":"(anonymous_3)","decl":{"start":{"line":46,"column":50},"end":{"line":46,"column":51}},"loc":{"start":{"line":46,"column":70},"end":{"line":51,"column":1}},"line":46}},"branchMap":{"0":{"loc":{"start":{"line":16,"column":2},"end":{"line":16,"column":67}},"type":"if","locations":[{"start":{"line":16,"column":2},"end":{"line":16,"column":67}},{"start":{"line":16,"column":2},"end":{"line":16,"column":67}}],"line":16},"1":{"loc":{"start":{"line":21,"column":2},"end":{"line":24,"column":62}},"type":"if","locations":[{"start":{"line":21,"column":2},"end":{"line":24,"column":62}},{"start":{"line":21,"column":2},"end":{"line":24,"column":62}}],"line":21},"2":{"loc":{"start":{"line":41,"column":2},"end":{"line":41,"column":72}},"type":"if","locations":[{"start":{"line":41,"column":2},"end":{"line":41,"column":72}},{"start":{"line":41,"column":2},"end":{"line":41,"column":72}}],"line":41},"3":{"loc":{"start":{"line":48,"column":2},"end":{"line":48,"column":67}},"type":"if","locations":[{"start":{"line":48,"column":2},"end":{"line":48,"column":67}},{"start":{"line":48,"column":2},"end":{"line":48,"column":67}}],"line":48}},"s":{"0":8,"1":8,"2":8,"3":8,"4":8,"5":8,"6":8,"7":1,"8":1,"9":8,"10":4,"11":4,"12":1,"13":3,"14":3,"15":1,"16":2,"17":2,"18":1,"19":8,"20":2,"21":2,"22":1,"23":1,"24":8,"25":2,"26":2,"27":1,"28":1,"29":8},"f":{"0":1,"1":4,"2":2,"3":2},"b":{"0":[1,3],"1":[1,2],"2":[1,1],"3":[1,1]},"_coverageSchema":"1a1c01bbd47fc00a2c39e90264f33305004495a9","hash":"037684669333ae93a2125a7e0aef9a0293b3b08a"}
,"E:\\React Projects\\portfolio_backend_node\\router\\my_infos.js": {"path":"E:\\React Projects\\portfolio_backend_node\\router\\my_infos.js","statementMap":{"0":{"start":{"line":1,"column":16},"end":{"line":1,"column":34}},"1":{"start":{"line":2,"column":13},"end":{"line":2,"column":28}},"2":{"start":{"line":3,"column":11},"end":{"line":3,"column":24}},"3":{"start":{"line":5,"column":13},"end":{"line":5,"column":42}},"4":{"start":{"line":6,"column":14},"end":{"line":6,"column":44}},"5":{"start":{"line":7,"column":15},"end":{"line":7,"column":31}},"6":{"start":{"line":8,"column":30},"end":{"line":8,"column":57}},"7":{"start":{"line":10,"column":0},"end":{"line":13,"column":3}},"8":{"start":{"line":11,"column":18},"end":{"line":11,"column":41}},"9":{"start":{"line":12,"column":2},"end":{"line":12,"column":27}},"10":{"start":{"line":15,"column":0},"end":{"line":26,"column":3}},"11":{"start":{"line":16,"column":16},"end":{"line":16,"column":39}},"12":{"start":{"line":17,"column":2},"end":{"line":17,"column":67}},"13":{"start":{"line":17,"column":15},"end":{"line":17,"column":67}},"14":{"start":{"line":19,"column":20},"end":{"line":19,"column":38}},"15":{"start":{"line":20,"column":2},"end":{"line":20,"column":67}},"16":{"start":{"line":20,"column":13},"end":{"line":20,"column":67}},"17":{"start":{"line":22,"column":2},"end":{"line":22,"column":34}},"18":{"start":{"line":23,"column":2},"end":{"line":23,"column":23}},"19":{"start":{"line":25,"column":2},"end":{"line":25,"column":39}},"20":{"start":{"line":28,"column":0},"end":{"line":34,"column":3}},"21":{"start":{"line":29,"column":18},"end":{"line":32,"column":4}},"22":{"start":{"line":33,"column":2},"end":{"line":33,"column":39}},"23":{"start":{"line":36,"column":0},"end":{"line":64,"column":3}},"24":{"start":{"line":37,"column":2},"end":{"line":37,"column":73}},"25":{"start":{"line":37,"column":18},"end":{"line":37,"column":73}},"26":{"start":{"line":38,"column":15},"end":{"line":38,"column":29}},"27":{"start":{"line":39,"column":2},"end":{"line":40,"column":60}},"28":{"start":{"line":40,"column":4},"end":{"line":40,"column":60}},"29":{"start":{"line":42,"column":2},"end":{"line":45,"column":78}},"30":{"start":{"line":43,"column":4},"end":{"line":45,"column":78}},"31":{"start":{"line":47,"column":2},"end":{"line":47,"column":60}},"32":{"start":{"line":48,"column":2},"end":{"line":50,"column":5}},"33":{"start":{"line":52,"column":16},"end":{"line":52,"column":39}},"34":{"start":{"line":53,"column":2},"end":{"line":55,"column":3}},"35":{"start":{"line":54,"column":4},"end":{"line":54,"column":28}},"36":{"start":{"line":57,"column":2},"end":{"line":57,"column":26}},"37":{"start":{"line":58,"column":18},"end":{"line":62,"column":3}},"38":{"start":{"line":63,"column":2},"end":{"line":63,"column":39}},"39":{"start":{"line":66,"column":0},"end":{"line":93,"column":3}},"40":{"start":{"line":67,"column":2},"end":{"line":68,"column":75}},"41":{"start":{"line":68,"column":4},"end":{"line":68,"column":75}},"42":{"start":{"line":69,"column":15},"end":{"line":69,"column":29}},"43":{"start":{"line":70,"column":2},"end":{"line":74,"column":75}},"44":{"start":{"line":74,"column":4},"end":{"line":74,"column":75}},"45":{"start":{"line":76,"column":2},"end":{"line":76,"column":51}},"46":{"start":{"line":77,"column":2},"end":{"line":79,"column":5}},"47":{"start":{"line":81,"column":16},"end":{"line":81,"column":39}},"48":{"start":{"line":82,"column":2},"end":{"line":84,"column":3}},"49":{"start":{"line":83,"column":4},"end":{"line":83,"column":28}},"50":{"start":{"line":86,"column":2},"end":{"line":86,"column":26}},"51":{"start":{"line":87,"column":18},"end":{"line":91,"column":3}},"52":{"start":{"line":92,"column":2},"end":{"line":92,"column":39}},"53":{"start":{"line":95,"column":0},"end":{"line":95,"column":24}}},"fnMap":{"0":{"name":"(anonymous_0)","decl":{"start":{"line":10,"column":16},"end":{"line":10,"column":17}},"loc":{"start":{"line":10,"column":36},"end":{"line":13,"column":1}},"line":10},"1":{"name":"(anonymous_1)","decl":{"start":{"line":15,"column":32},"end":{"line":15,"column":33}},"loc":{"start":{"line":15,"column":52},"end":{"line":26,"column":1}},"line":15},"2":{"name":"(anonymous_2)","decl":{"start":{"line":28,"column":31},"end":{"line":28,"column":32}},"loc":{"start":{"line":28,"column":57},"end":{"line":34,"column":1}},"line":28},"3":{"name":"(anonymous_3)","decl":{"start":{"line":36,"column":36},"end":{"line":36,"column":37}},"loc":{"start":{"line":36,"column":56},"end":{"line":64,"column":1}},"line":36},"4":{"name":"(anonymous_4)","decl":{"start":{"line":66,"column":33},"end":{"line":66,"column":34}},"loc":{"start":{"line":66,"column":53},"end":{"line":93,"column":1}},"line":66}},"branchMap":{"0":{"loc":{"start":{"line":17,"column":2},"end":{"line":17,"column":67}},"type":"if","locations":[{"start":{"line":17,"column":2},"end":{"line":17,"column":67}},{"start":{"line":17,"column":2},"end":{"line":17,"column":67}}],"line":17},"1":{"loc":{"start":{"line":20,"column":2},"end":{"line":20,"column":67}},"type":"if","locations":[{"start":{"line":20,"column":2},"end":{"line":20,"column":67}},{"start":{"line":20,"column":2},"end":{"line":20,"column":67}}],"line":20},"2":{"loc":{"start":{"line":37,"column":2},"end":{"line":37,"column":73}},"type":"if","locations":[{"start":{"line":37,"column":2},"end":{"line":37,"column":73}},{"start":{"line":37,"column":2},"end":{"line":37,"column":73}}],"line":37},"3":{"loc":{"start":{"line":39,"column":2},"end":{"line":40,"column":60}},"type":"if","locations":[{"start":{"line":39,"column":2},"end":{"line":40,"column":60}},{"start":{"line":39,"column":2},"end":{"line":40,"column":60}}],"line":39},"4":{"loc":{"start":{"line":42,"column":2},"end":{"line":45,"column":78}},"type":"if","locations":[{"start":{"line":42,"column":2},"end":{"line":45,"column":78}},{"start":{"line":42,"column":2},"end":{"line":45,"column":78}}],"line":42},"5":{"loc":{"start":{"line":53,"column":2},"end":{"line":55,"column":3}},"type":"if","locations":[{"start":{"line":53,"column":2},"end":{"line":55,"column":3}},{"start":{"line":53,"column":2},"end":{"line":55,"column":3}}],"line":53},"6":{"loc":{"start":{"line":67,"column":2},"end":{"line":68,"column":75}},"type":"if","locations":[{"start":{"line":67,"column":2},"end":{"line":68,"column":75}},{"start":{"line":67,"column":2},"end":{"line":68,"column":75}}],"line":67},"7":{"loc":{"start":{"line":70,"column":2},"end":{"line":74,"column":75}},"type":"if","locations":[{"start":{"line":70,"column":2},"end":{"line":74,"column":75}},{"start":{"line":70,"column":2},"end":{"line":74,"column":75}}],"line":70},"8":{"loc":{"start":{"line":71,"column":4},"end":{"line":72,"column":51}},"type":"binary-expr","locations":[{"start":{"line":71,"column":4},"end":{"line":71,"column":48}},{"start":{"line":72,"column":4},"end":{"line":72,"column":51}}],"line":71},"9":{"loc":{"start":{"line":82,"column":2},"end":{"line":84,"column":3}},"type":"if","locations":[{"start":{"line":82,"column":2},"end":{"line":84,"column":3}},{"start":{"line":82,"column":2},"end":{"line":84,"column":3}}],"line":82}},"s":{"0":8,"1":8,"2":8,"3":8,"4":8,"5":8,"6":8,"7":8,"8":1,"9":1,"10":8,"11":3,"12":3,"13":1,"14":2,"15":2,"16":1,"17":1,"18":1,"19":1,"20":8,"21":2,"22":1,"23":8,"24":3,"25":1,"26":2,"27":2,"28":1,"29":1,"30":0,"31":1,"32":1,"33":1,"34":1,"35":1,"36":1,"37":1,"38":1,"39":8,"40":3,"41":1,"42":2,"43":2,"44":1,"45":1,"46":1,"47":1,"48":1,"49":1,"50":1,"51":1,"52":1,"53":8},"f":{"0":1,"1":3,"2":2,"3":3,"4":3},"b":{"0":[1,2],"1":[1,1],"2":[1,2],"3":[1,1],"4":[0,1],"5":[1,0],"6":[1,2],"7":[1,1],"8":[2,1],"9":[1,0]},"_coverageSchema":"1a1c01bbd47fc00a2c39e90264f33305004495a9","hash":"6b0b0890b1ae55ef3de2601817a1b1ca366a23b0"}
,"E:\\React Projects\\portfolio_backend_node\\router\\projectCategories.js": {"path":"E:\\React Projects\\portfolio_backend_node\\router\\projectCategories.js","statementMap":{"0":{"start":{"line":1,"column":16},"end":{"line":1,"column":34}},"1":{"start":{"line":2,"column":15},"end":{"line":2,"column":31}},"2":{"start":{"line":3,"column":38},"end":{"line":3,"column":73}},"3":{"start":{"line":4,"column":13},"end":{"line":4,"column":42}},"4":{"start":{"line":5,"column":18},"end":{"line":5,"column":55}},"5":{"start":{"line":6,"column":14},"end":{"line":6,"column":44}},"6":{"start":{"line":8,"column":0},"end":{"line":11,"column":3}},"7":{"start":{"line":9,"column":21},"end":{"line":9,"column":65}},"8":{"start":{"line":10,"column":2},"end":{"line":10,"column":30}},"9":{"start":{"line":13,"column":0},"end":{"line":25,"column":3}},"10":{"start":{"line":14,"column":20},"end":{"line":14,"column":38}},"11":{"start":{"line":15,"column":2},"end":{"line":15,"column":67}},"12":{"start":{"line":15,"column":13},"end":{"line":15,"column":67}},"13":{"start":{"line":17,"column":17},"end":{"line":17,"column":71}},"14":{"start":{"line":18,"column":2},"end":{"line":19,"column":69}},"15":{"start":{"line":19,"column":4},"end":{"line":19,"column":69}},"16":{"start":{"line":21,"column":2},"end":{"line":21,"column":43}},"17":{"start":{"line":22,"column":2},"end":{"line":22,"column":24}},"18":{"start":{"line":24,"column":2},"end":{"line":24,"column":40}},"19":{"start":{"line":27,"column":0},"end":{"line":36,"column":3}},"20":{"start":{"line":28,"column":19},"end":{"line":32,"column":3}},"21":{"start":{"line":33,"column":2},"end":{"line":33,"column":59}},"22":{"start":{"line":33,"column":17},"end":{"line":33,"column":59}},"23":{"start":{"line":35,"column":2},"end":{"line":35,"column":40}},"24":{"start":{"line":38,"column":0},"end":{"line":44,"column":3}},"25":{"start":{"line":39,"column":19},"end":{"line":39,"column":65}},"26":{"start":{"line":40,"column":2},"end":{"line":40,"column":65}},"27":{"start":{"line":40,"column":17},"end":{"line":40,"column":65}},"28":{"start":{"line":41,"column":2},"end":{"line":41,"column":26}},"29":{"start":{"line":43,"column":2},"end":{"line":43,"column":40}},"30":{"start":{"line":46,"column":0},"end":{"line":46,"column":24}}},"fnMap":{"0":{"name":"(anonymous_0)","decl":{"start":{"line":8,"column":16},"end":{"line":8,"column":17}},"loc":{"start":{"line":8,"column":36},"end":{"line":11,"column":1}},"line":8},"1":{"name":"(anonymous_1)","decl":{"start":{"line":13,"column":32},"end":{"line":13,"column":33}},"loc":{"start":{"line":13,"column":52},"end":{"line":25,"column":1}},"line":13},"2":{"name":"(anonymous_2)","decl":{"start":{"line":27,"column":46},"end":{"line":27,"column":47}},"loc":{"start":{"line":27,"column":66},"end":{"line":36,"column":1}},"line":27},"3":{"name":"(anonymous_3)","decl":{"start":{"line":38,"column":49},"end":{"line":38,"column":50}},"loc":{"start":{"line":38,"column":69},"end":{"line":44,"column":1}},"line":38}},"branchMap":{"0":{"loc":{"start":{"line":15,"column":2},"end":{"line":15,"column":67}},"type":"if","locations":[{"start":{"line":15,"column":2},"end":{"line":15,"column":67}},{"start":{"line":15,"column":2},"end":{"line":15,"column":67}}],"line":15},"1":{"loc":{"start":{"line":18,"column":2},"end":{"line":19,"column":69}},"type":"if","locations":[{"start":{"line":18,"column":2},"end":{"line":19,"column":69}},{"start":{"line":18,"column":2},"end":{"line":19,"column":69}}],"line":18},"2":{"loc":{"start":{"line":33,"column":2},"end":{"line":33,"column":59}},"type":"if","locations":[{"start":{"line":33,"column":2},"end":{"line":33,"column":59}},{"start":{"line":33,"column":2},"end":{"line":33,"column":59}}],"line":33},"3":{"loc":{"start":{"line":40,"column":2},"end":{"line":40,"column":65}},"type":"if","locations":[{"start":{"line":40,"column":2},"end":{"line":40,"column":65}},{"start":{"line":40,"column":2},"end":{"line":40,"column":65}}],"line":40}},"s":{"0":8,"1":8,"2":8,"3":8,"4":8,"5":8,"6":8,"7":1,"8":1,"9":8,"10":4,"11":4,"12":1,"13":3,"14":3,"15":1,"16":2,"17":2,"18":1,"19":8,"20":2,"21":2,"22":1,"23":1,"24":8,"25":2,"26":2,"27":1,"28":1,"29":1,"30":8},"f":{"0":1,"1":4,"2":2,"3":2},"b":{"0":[1,3],"1":[1,2],"2":[1,1],"3":[1,1]},"_coverageSchema":"1a1c01bbd47fc00a2c39e90264f33305004495a9","hash":"8a356e5ed6f5ace34265cda618b19e61397951d0"}
,"E:\\React Projects\\portfolio_backend_node\\router\\projects.js": {"path":"E:\\React Projects\\portfolio_backend_node\\router\\projects.js","statementMap":{"0":{"start":{"line":1,"column":16},"end":{"line":1,"column":34}},"1":{"start":{"line":2,"column":15},"end":{"line":2,"column":31}},"2":{"start":{"line":3,"column":30},"end":{"line":3,"column":57}},"3":{"start":{"line":4,"column":28},"end":{"line":4,"column":63}},"4":{"start":{"line":5,"column":18},"end":{"line":5,"column":43}},"5":{"start":{"line":6,"column":17},"end":{"line":6,"column":36}},"6":{"start":{"line":7,"column":13},"end":{"line":7,"column":42}},"7":{"start":{"line":8,"column":21},"end":{"line":8,"column":58}},"8":{"start":{"line":9,"column":14},"end":{"line":9,"column":44}},"9":{"start":{"line":10,"column":11},"end":{"line":10,"column":24}},"10":{"start":{"line":11,"column":13},"end":{"line":11,"column":28}},"11":{"start":{"line":13,"column":0},"end":{"line":16,"column":3}},"12":{"start":{"line":14,"column":19},"end":{"line":14,"column":39}},"13":{"start":{"line":15,"column":2},"end":{"line":15,"column":28}},"14":{"start":{"line":18,"column":0},"end":{"line":44,"column":3}},"15":{"start":{"line":19,"column":20},"end":{"line":19,"column":38}},"16":{"start":{"line":20,"column":2},"end":{"line":20,"column":67}},"17":{"start":{"line":20,"column":13},"end":{"line":20,"column":67}},"18":{"start":{"line":22,"column":16},"end":{"line":22,"column":64}},"19":{"start":{"line":23,"column":2},"end":{"line":24,"column":70}},"20":{"start":{"line":24,"column":4},"end":{"line":24,"column":70}},"21":{"start":{"line":26,"column":2},"end":{"line":27,"column":56}},"22":{"start":{"line":27,"column":4},"end":{"line":27,"column":56}},"23":{"start":{"line":28,"column":2},"end":{"line":30,"column":5}},"24":{"start":{"line":29,"column":4},"end":{"line":29,"column":76}},"25":{"start":{"line":29,"column":27},"end":{"line":29,"column":76}},"26":{"start":{"line":32,"column":19},"end":{"line":32,"column":68}},"27":{"start":{"line":33,"column":2},"end":{"line":33,"column":68}},"28":{"start":{"line":33,"column":17},"end":{"line":33,"column":68}},"29":{"start":{"line":34,"column":2},"end":{"line":37,"column":5}},"30":{"start":{"line":35,"column":4},"end":{"line":35,"column":40}},"31":{"start":{"line":36,"column":4},"end":{"line":36,"column":64}},"32":{"start":{"line":36,"column":16},"end":{"line":36,"column":64}},"33":{"start":{"line":39,"column":2},"end":{"line":39,"column":34}},"34":{"start":{"line":41,"column":2},"end":{"line":41,"column":23}},"35":{"start":{"line":43,"column":2},"end":{"line":43,"column":39}},"36":{"start":{"line":46,"column":0},"end":{"line":79,"column":3}},"37":{"start":{"line":47,"column":16},"end":{"line":47,"column":54}},"38":{"start":{"line":48,"column":2},"end":{"line":48,"column":66}},"39":{"start":{"line":48,"column":16},"end":{"line":48,"column":66}},"40":{"start":{"line":50,"column":15},"end":{"line":50,"column":29}},"41":{"start":{"line":51,"column":2},"end":{"line":51,"column":80}},"42":{"start":{"line":51,"column":13},"end":{"line":51,"column":80}},"43":{"start":{"line":53,"column":2},"end":{"line":54,"column":60}},"44":{"start":{"line":54,"column":4},"end":{"line":54,"column":60}},"45":{"start":{"line":56,"column":2},"end":{"line":59,"column":78}},"46":{"start":{"line":57,"column":4},"end":{"line":59,"column":78}},"47":{"start":{"line":61,"column":2},"end":{"line":61,"column":60}},"48":{"start":{"line":62,"column":2},"end":{"line":64,"column":5}},"49":{"start":{"line":66,"column":16},"end":{"line":66,"column":39}},"50":{"start":{"line":67,"column":2},"end":{"line":69,"column":3}},"51":{"start":{"line":68,"column":4},"end":{"line":68,"column":28}},"52":{"start":{"line":70,"column":2},"end":{"line":70,"column":26}},"53":{"start":{"line":72,"column":2},"end":{"line":76,"column":4}},"54":{"start":{"line":78,"column":2},"end":{"line":78,"column":39}},"55":{"start":{"line":81,"column":0},"end":{"line":109,"column":3}},"56":{"start":{"line":82,"column":19},"end":{"line":82,"column":36}},"57":{"start":{"line":83,"column":17},"end":{"line":83,"column":32}},"58":{"start":{"line":85,"column":2},"end":{"line":90,"column":3}},"59":{"start":{"line":86,"column":4},"end":{"line":87,"column":58}},"60":{"start":{"line":87,"column":6},"end":{"line":87,"column":58}},"61":{"start":{"line":88,"column":21},"end":{"line":88,"column":61}},"62":{"start":{"line":89,"column":4},"end":{"line":89,"column":70}},"63":{"start":{"line":89,"column":19},"end":{"line":89,"column":70}},"64":{"start":{"line":91,"column":2},"end":{"line":100,"column":3}},"65":{"start":{"line":92,"column":4},"end":{"line":94,"column":7}},"66":{"start":{"line":93,"column":6},"end":{"line":93,"column":78}},"67":{"start":{"line":93,"column":29},"end":{"line":93,"column":78}},"68":{"start":{"line":96,"column":4},"end":{"line":99,"column":7}},"69":{"start":{"line":97,"column":6},"end":{"line":97,"column":42}},"70":{"start":{"line":98,"column":6},"end":{"line":98,"column":66}},"71":{"start":{"line":98,"column":18},"end":{"line":98,"column":66}},"72":{"start":{"line":102,"column":18},"end":{"line":105,"column":4}},"73":{"start":{"line":106,"column":2},"end":{"line":106,"column":66}},"74":{"start":{"line":106,"column":16},"end":{"line":106,"column":66}},"75":{"start":{"line":108,"column":2},"end":{"line":108,"column":39}},"76":{"start":{"line":111,"column":0},"end":{"line":127,"column":3}},"77":{"start":{"line":112,"column":18},"end":{"line":112,"column":56}},"78":{"start":{"line":113,"column":2},"end":{"line":113,"column":66}},"79":{"start":{"line":113,"column":16},"end":{"line":113,"column":66}},"80":{"start":{"line":114,"column":2},"end":{"line":114,"column":25}},"81":{"start":{"line":116,"column":2},"end":{"line":116,"column":28}},"82":{"start":{"line":117,"column":2},"end":{"line":119,"column":18}},"83":{"start":{"line":121,"column":16},"end":{"line":121,"column":39}},"84":{"start":{"line":122,"column":2},"end":{"line":124,"column":3}},"85":{"start":{"line":123,"column":4},"end":{"line":123,"column":28}},"86":{"start":{"line":126,"column":2},"end":{"line":126,"column":39}},"87":{"start":{"line":130,"column":2},"end":{"line":130,"column":38}},"88":{"start":{"line":133,"column":0},"end":{"line":133,"column":24}}},"fnMap":{"0":{"name":"(anonymous_0)","decl":{"start":{"line":13,"column":16},"end":{"line":13,"column":17}},"loc":{"start":{"line":13,"column":36},"end":{"line":16,"column":1}},"line":13},"1":{"name":"(anonymous_1)","decl":{"start":{"line":18,"column":32},"end":{"line":18,"column":33}},"loc":{"start":{"line":18,"column":52},"end":{"line":44,"column":1}},"line":18},"2":{"name":"(anonymous_2)","decl":{"start":{"line":28,"column":26},"end":{"line":28,"column":27}},"loc":{"start":{"line":28,"column":37},"end":{"line":30,"column":3}},"line":28},"3":{"name":"(anonymous_3)","decl":{"start":{"line":34,"column":26},"end":{"line":34,"column":27}},"loc":{"start":{"line":34,"column":43},"end":{"line":37,"column":3}},"line":34},"4":{"name":"(anonymous_4)","decl":{"start":{"line":46,"column":55},"end":{"line":46,"column":56}},"loc":{"start":{"line":46,"column":75},"end":{"line":79,"column":1}},"line":46},"5":{"name":"(anonymous_5)","decl":{"start":{"line":81,"column":49},"end":{"line":81,"column":50}},"loc":{"start":{"line":81,"column":69},"end":{"line":109,"column":1}},"line":81},"6":{"name":"(anonymous_6)","decl":{"start":{"line":92,"column":19},"end":{"line":92,"column":20}},"loc":{"start":{"line":92,"column":30},"end":{"line":94,"column":5}},"line":92},"7":{"name":"(anonymous_7)","decl":{"start":{"line":96,"column":19},"end":{"line":96,"column":20}},"loc":{"start":{"line":96,"column":36},"end":{"line":99,"column":5}},"line":96},"8":{"name":"(anonymous_8)","decl":{"start":{"line":111,"column":52},"end":{"line":111,"column":53}},"loc":{"start":{"line":111,"column":72},"end":{"line":127,"column":1}},"line":111},"9":{"name":"isValidId","decl":{"start":{"line":129,"column":9},"end":{"line":129,"column":18}},"loc":{"start":{"line":129,"column":23},"end":{"line":131,"column":1}},"line":129}},"branchMap":{"0":{"loc":{"start":{"line":20,"column":2},"end":{"line":20,"column":67}},"type":"if","locations":[{"start":{"line":20,"column":2},"end":{"line":20,"column":67}},{"start":{"line":20,"column":2},"end":{"line":20,"column":67}}],"line":20},"1":{"loc":{"start":{"line":23,"column":2},"end":{"line":24,"column":70}},"type":"if","locations":[{"start":{"line":23,"column":2},"end":{"line":24,"column":70}},{"start":{"line":23,"column":2},"end":{"line":24,"column":70}}],"line":23},"2":{"loc":{"start":{"line":26,"column":2},"end":{"line":27,"column":56}},"type":"if","locations":[{"start":{"line":26,"column":2},"end":{"line":27,"column":56}},{"start":{"line":26,"column":2},"end":{"line":27,"column":56}}],"line":26},"3":{"loc":{"start":{"line":29,"column":4},"end":{"line":29,"column":76}},"type":"if","locations":[{"start":{"line":29,"column":4},"end":{"line":29,"column":76}},{"start":{"line":29,"column":4},"end":{"line":29,"column":76}}],"line":29},"4":{"loc":{"start":{"line":33,"column":2},"end":{"line":33,"column":68}},"type":"if","locations":[{"start":{"line":33,"column":2},"end":{"line":33,"column":68}},{"start":{"line":33,"column":2},"end":{"line":33,"column":68}}],"line":33},"5":{"loc":{"start":{"line":36,"column":4},"end":{"line":36,"column":64}},"type":"if","locations":[{"start":{"line":36,"column":4},"end":{"line":36,"column":64}},{"start":{"line":36,"column":4},"end":{"line":36,"column":64}}],"line":36},"6":{"loc":{"start":{"line":48,"column":2},"end":{"line":48,"column":66}},"type":"if","locations":[{"start":{"line":48,"column":2},"end":{"line":48,"column":66}},{"start":{"line":48,"column":2},"end":{"line":48,"column":66}}],"line":48},"7":{"loc":{"start":{"line":51,"column":2},"end":{"line":51,"column":80}},"type":"if","locations":[{"start":{"line":51,"column":2},"end":{"line":51,"column":80}},{"start":{"line":51,"column":2},"end":{"line":51,"column":80}}],"line":51},"8":{"loc":{"start":{"line":53,"column":2},"end":{"line":54,"column":60}},"type":"if","locations":[{"start":{"line":53,"column":2},"end":{"line":54,"column":60}},{"start":{"line":53,"column":2},"end":{"line":54,"column":60}}],"line":53},"9":{"loc":{"start":{"line":56,"column":2},"end":{"line":59,"column":78}},"type":"if","locations":[{"start":{"line":56,"column":2},"end":{"line":59,"column":78}},{"start":{"line":56,"column":2},"end":{"line":59,"column":78}}],"line":56},"10":{"loc":{"start":{"line":67,"column":2},"end":{"line":69,"column":3}},"type":"if","locations":[{"start":{"line":67,"column":2},"end":{"line":69,"column":3}},{"start":{"line":67,"column":2},"end":{"line":69,"column":3}}],"line":67},"11":{"loc":{"start":{"line":85,"column":2},"end":{"line":90,"column":3}},"type":"if","locations":[{"start":{"line":85,"column":2},"end":{"line":90,"column":3}},{"start":{"line":85,"column":2},"end":{"line":90,"column":3}}],"line":85},"12":{"loc":{"start":{"line":86,"column":4},"end":{"line":87,"column":58}},"type":"if","locations":[{"start":{"line":86,"column":4},"end":{"line":87,"column":58}},{"start":{"line":86,"column":4},"end":{"line":87,"column":58}}],"line":86},"13":{"loc":{"start":{"line":89,"column":4},"end":{"line":89,"column":70}},"type":"if","locations":[{"start":{"line":89,"column":4},"end":{"line":89,"column":70}},{"start":{"line":89,"column":4},"end":{"line":89,"column":70}}],"line":89},"14":{"loc":{"start":{"line":91,"column":2},"end":{"line":100,"column":3}},"type":"if","locations":[{"start":{"line":91,"column":2},"end":{"line":100,"column":3}},{"start":{"line":91,"column":2},"end":{"line":100,"column":3}}],"line":91},"15":{"loc":{"start":{"line":93,"column":6},"end":{"line":93,"column":78}},"type":"if","locations":[{"start":{"line":93,"column":6},"end":{"line":93,"column":78}},{"start":{"line":93,"column":6},"end":{"line":93,"column":78}}],"line":93},"16":{"loc":{"start":{"line":98,"column":6},"end":{"line":98,"column":66}},"type":"if","locations":[{"start":{"line":98,"column":6},"end":{"line":98,"column":66}},{"start":{"line":98,"column":6},"end":{"line":98,"column":66}}],"line":98},"17":{"loc":{"start":{"line":106,"column":2},"end":{"line":106,"column":66}},"type":"if","locations":[{"start":{"line":106,"column":2},"end":{"line":106,"column":66}},{"start":{"line":106,"column":2},"end":{"line":106,"column":66}}],"line":106},"18":{"loc":{"start":{"line":113,"column":2},"end":{"line":113,"column":66}},"type":"if","locations":[{"start":{"line":113,"column":2},"end":{"line":113,"column":66}},{"start":{"line":113,"column":2},"end":{"line":113,"column":66}}],"line":113},"19":{"loc":{"start":{"line":122,"column":2},"end":{"line":124,"column":3}},"type":"if","locations":[{"start":{"line":122,"column":2},"end":{"line":124,"column":3}},{"start":{"line":122,"column":2},"end":{"line":124,"column":3}}],"line":122}},"s":{"0":8,"1":8,"2":8,"3":8,"4":8,"5":8,"6":8,"7":8,"8":8,"9":8,"10":8,"11":8,"12":0,"13":0,"14":8,"15":0,"16":0,"17":0,"18":0,"19":0,"20":0,"21":0,"22":0,"23":0,"24":0,"25":0,"26":0,"27":0,"28":0,"29":0,"30":0,"31":0,"32":0,"33":0,"34":0,"35":0,"36":8,"37":0,"38":0,"39":0,"40":0,"41":0,"42":0,"43":0,"44":0,"45":0,"46":0,"47":0,"48":0,"49":0,"50":0,"51":0,"52":0,"53":0,"54":0,"55":8,"56":0,"57":0,"58":0,"59":0,"60":0,"61":0,"62":0,"63":0,"64":0,"65":0,"66":0,"67":0,"68":0,"69":0,"70":0,"71":0,"72":0,"73":0,"74":0,"75":0,"76":8,"77":0,"78":0,"79":0,"80":0,"81":0,"82":0,"83":0,"84":0,"85":0,"86":0,"87":0,"88":8},"f":{"0":0,"1":0,"2":0,"3":0,"4":0,"5":0,"6":0,"7":0,"8":0,"9":0},"b":{"0":[0,0],"1":[0,0],"2":[0,0],"3":[0,0],"4":[0,0],"5":[0,0],"6":[0,0],"7":[0,0],"8":[0,0],"9":[0,0],"10":[0,0],"11":[0,0],"12":[0,0],"13":[0,0],"14":[0,0],"15":[0,0],"16":[0,0],"17":[0,0],"18":[0,0],"19":[0,0]},"_coverageSchema":"1a1c01bbd47fc00a2c39e90264f33305004495a9","hash":"d15b49cd4b3a8827387f2043c5e3bdf40caec0e6"}
,"E:\\React Projects\\portfolio_backend_node\\router\\skillLabels.js": {"path":"E:\\React Projects\\portfolio_backend_node\\router\\skillLabels.js","statementMap":{"0":{"start":{"line":1,"column":16},"end":{"line":1,"column":34}},"1":{"start":{"line":2,"column":15},"end":{"line":2,"column":31}},"2":{"start":{"line":3,"column":33},"end":{"line":3,"column":63}},"3":{"start":{"line":4,"column":13},"end":{"line":4,"column":42}},"4":{"start":{"line":5,"column":18},"end":{"line":5,"column":55}},"5":{"start":{"line":6,"column":14},"end":{"line":6,"column":44}},"6":{"start":{"line":8,"column":0},"end":{"line":11,"column":3}},"7":{"start":{"line":9,"column":17},"end":{"line":9,"column":58}},"8":{"start":{"line":10,"column":2},"end":{"line":10,"column":38}},"9":{"start":{"line":13,"column":0},"end":{"line":24,"column":3}},"10":{"start":{"line":14,"column":20},"end":{"line":14,"column":38}},"11":{"start":{"line":15,"column":2},"end":{"line":15,"column":67}},"12":{"start":{"line":15,"column":13},"end":{"line":15,"column":67}},"13":{"start":{"line":17,"column":14},"end":{"line":17,"column":65}},"14":{"start":{"line":18,"column":2},"end":{"line":18,"column":79}},"15":{"start":{"line":18,"column":13},"end":{"line":18,"column":79}},"16":{"start":{"line":20,"column":2},"end":{"line":20,"column":35}},"17":{"start":{"line":21,"column":2},"end":{"line":21,"column":21}},"18":{"start":{"line":23,"column":2},"end":{"line":23,"column":37}},"19":{"start":{"line":26,"column":0},"end":{"line":34,"column":3}},"20":{"start":{"line":27,"column":16},"end":{"line":30,"column":4}},"21":{"start":{"line":31,"column":2},"end":{"line":31,"column":56}},"22":{"start":{"line":31,"column":14},"end":{"line":31,"column":56}},"23":{"start":{"line":33,"column":2},"end":{"line":33,"column":37}},"24":{"start":{"line":36,"column":0},"end":{"line":42,"column":3}},"25":{"start":{"line":37,"column":16},"end":{"line":37,"column":65}},"26":{"start":{"line":38,"column":2},"end":{"line":38,"column":62}},"27":{"start":{"line":38,"column":14},"end":{"line":38,"column":62}},"28":{"start":{"line":40,"column":2},"end":{"line":40,"column":23}},"29":{"start":{"line":41,"column":2},"end":{"line":41,"column":37}},"30":{"start":{"line":44,"column":0},"end":{"line":44,"column":24}}},"fnMap":{"0":{"name":"(anonymous_0)","decl":{"start":{"line":8,"column":16},"end":{"line":8,"column":17}},"loc":{"start":{"line":8,"column":36},"end":{"line":11,"column":1}},"line":8},"1":{"name":"(anonymous_1)","decl":{"start":{"line":13,"column":32},"end":{"line":13,"column":33}},"loc":{"start":{"line":13,"column":52},"end":{"line":24,"column":1}},"line":13},"2":{"name":"(anonymous_2)","decl":{"start":{"line":26,"column":46},"end":{"line":26,"column":47}},"loc":{"start":{"line":26,"column":66},"end":{"line":34,"column":1}},"line":26},"3":{"name":"(anonymous_3)","decl":{"start":{"line":36,"column":49},"end":{"line":36,"column":50}},"loc":{"start":{"line":36,"column":69},"end":{"line":42,"column":1}},"line":36}},"branchMap":{"0":{"loc":{"start":{"line":15,"column":2},"end":{"line":15,"column":67}},"type":"if","locations":[{"start":{"line":15,"column":2},"end":{"line":15,"column":67}},{"start":{"line":15,"column":2},"end":{"line":15,"column":67}}],"line":15},"1":{"loc":{"start":{"line":18,"column":2},"end":{"line":18,"column":79}},"type":"if","locations":[{"start":{"line":18,"column":2},"end":{"line":18,"column":79}},{"start":{"line":18,"column":2},"end":{"line":18,"column":79}}],"line":18},"2":{"loc":{"start":{"line":31,"column":2},"end":{"line":31,"column":56}},"type":"if","locations":[{"start":{"line":31,"column":2},"end":{"line":31,"column":56}},{"start":{"line":31,"column":2},"end":{"line":31,"column":56}}],"line":31},"3":{"loc":{"start":{"line":38,"column":2},"end":{"line":38,"column":62}},"type":"if","locations":[{"start":{"line":38,"column":2},"end":{"line":38,"column":62}},{"start":{"line":38,"column":2},"end":{"line":38,"column":62}}],"line":38}},"s":{"0":8,"1":8,"2":8,"3":8,"4":8,"5":8,"6":8,"7":1,"8":1,"9":8,"10":4,"11":4,"12":1,"13":3,"14":3,"15":1,"16":2,"17":2,"18":1,"19":8,"20":2,"21":2,"22":1,"23":1,"24":8,"25":2,"26":2,"27":1,"28":1,"29":1,"30":8},"f":{"0":1,"1":4,"2":2,"3":2},"b":{"0":[1,3],"1":[1,2],"2":[1,1],"3":[1,1]},"_coverageSchema":"1a1c01bbd47fc00a2c39e90264f33305004495a9","hash":"f849c8801b501610a1531e4730bee06a207e07ca"}
,"E:\\React Projects\\portfolio_backend_node\\router\\skillLevels.js": {"path":"E:\\React Projects\\portfolio_backend_node\\router\\skillLevels.js","statementMap":{"0":{"start":{"line":1,"column":16},"end":{"line":1,"column":34}},"1":{"start":{"line":2,"column":15},"end":{"line":2,"column":31}},"2":{"start":{"line":3,"column":33},"end":{"line":3,"column":63}},"3":{"start":{"line":4,"column":13},"end":{"line":4,"column":42}},"4":{"start":{"line":5,"column":18},"end":{"line":5,"column":55}},"5":{"start":{"line":6,"column":14},"end":{"line":6,"column":44}},"6":{"start":{"line":8,"column":0},"end":{"line":11,"column":3}},"7":{"start":{"line":9,"column":17},"end":{"line":9,"column":58}},"8":{"start":{"line":10,"column":2},"end":{"line":10,"column":38}},"9":{"start":{"line":13,"column":0},"end":{"line":24,"column":3}},"10":{"start":{"line":14,"column":20},"end":{"line":14,"column":38}},"11":{"start":{"line":15,"column":2},"end":{"line":15,"column":67}},"12":{"start":{"line":15,"column":13},"end":{"line":15,"column":67}},"13":{"start":{"line":17,"column":14},"end":{"line":17,"column":65}},"14":{"start":{"line":18,"column":2},"end":{"line":18,"column":79}},"15":{"start":{"line":18,"column":13},"end":{"line":18,"column":79}},"16":{"start":{"line":20,"column":2},"end":{"line":20,"column":35}},"17":{"start":{"line":21,"column":2},"end":{"line":21,"column":21}},"18":{"start":{"line":23,"column":2},"end":{"line":23,"column":37}},"19":{"start":{"line":26,"column":0},"end":{"line":34,"column":3}},"20":{"start":{"line":27,"column":16},"end":{"line":30,"column":4}},"21":{"start":{"line":31,"column":2},"end":{"line":31,"column":56}},"22":{"start":{"line":31,"column":14},"end":{"line":31,"column":56}},"23":{"start":{"line":33,"column":2},"end":{"line":33,"column":37}},"24":{"start":{"line":36,"column":0},"end":{"line":41,"column":3}},"25":{"start":{"line":37,"column":16},"end":{"line":37,"column":66}},"26":{"start":{"line":38,"column":2},"end":{"line":38,"column":55}},"27":{"start":{"line":38,"column":14},"end":{"line":38,"column":55}},"28":{"start":{"line":40,"column":2},"end":{"line":40,"column":37}},"29":{"start":{"line":43,"column":0},"end":{"line":43,"column":24}}},"fnMap":{"0":{"name":"(anonymous_0)","decl":{"start":{"line":8,"column":31},"end":{"line":8,"column":32}},"loc":{"start":{"line":8,"column":51},"end":{"line":11,"column":1}},"line":8},"1":{"name":"(anonymous_1)","decl":{"start":{"line":13,"column":32},"end":{"line":13,"column":33}},"loc":{"start":{"line":13,"column":52},"end":{"line":24,"column":1}},"line":13},"2":{"name":"(anonymous_2)","decl":{"start":{"line":26,"column":46},"end":{"line":26,"column":47}},"loc":{"start":{"line":26,"column":66},"end":{"line":34,"column":1}},"line":26},"3":{"name":"(anonymous_3)","decl":{"start":{"line":36,"column":49},"end":{"line":36,"column":50}},"loc":{"start":{"line":36,"column":69},"end":{"line":41,"column":1}},"line":36}},"branchMap":{"0":{"loc":{"start":{"line":15,"column":2},"end":{"line":15,"column":67}},"type":"if","locations":[{"start":{"line":15,"column":2},"end":{"line":15,"column":67}},{"start":{"line":15,"column":2},"end":{"line":15,"column":67}}],"line":15},"1":{"loc":{"start":{"line":18,"column":2},"end":{"line":18,"column":79}},"type":"if","locations":[{"start":{"line":18,"column":2},"end":{"line":18,"column":79}},{"start":{"line":18,"column":2},"end":{"line":18,"column":79}}],"line":18},"2":{"loc":{"start":{"line":31,"column":2},"end":{"line":31,"column":56}},"type":"if","locations":[{"start":{"line":31,"column":2},"end":{"line":31,"column":56}},{"start":{"line":31,"column":2},"end":{"line":31,"column":56}}],"line":31},"3":{"loc":{"start":{"line":38,"column":2},"end":{"line":38,"column":55}},"type":"if","locations":[{"start":{"line":38,"column":2},"end":{"line":38,"column":55}},{"start":{"line":38,"column":2},"end":{"line":38,"column":55}}],"line":38}},"s":{"0":8,"1":8,"2":8,"3":8,"4":8,"5":8,"6":8,"7":1,"8":1,"9":8,"10":4,"11":4,"12":2,"13":2,"14":2,"15":1,"16":1,"17":1,"18":1,"19":8,"20":2,"21":2,"22":1,"23":1,"24":8,"25":2,"26":2,"27":1,"28":2,"29":8},"f":{"0":1,"1":4,"2":2,"3":2},"b":{"0":[2,2],"1":[1,1],"2":[1,1],"3":[1,1]},"_coverageSchema":"1a1c01bbd47fc00a2c39e90264f33305004495a9","hash":"1360374feff5b03d5cabd8ae681529a474544ac0"}
,"E:\\React Projects\\portfolio_backend_node\\router\\skills.js": {"path":"E:\\React Projects\\portfolio_backend_node\\router\\skills.js","statementMap":{"0":{"start":{"line":1,"column":16},"end":{"line":1,"column":34}},"1":{"start":{"line":2,"column":15},"end":{"line":2,"column":31}},"2":{"start":{"line":3,"column":28},"end":{"line":3,"column":53}},"3":{"start":{"line":4,"column":23},"end":{"line":4,"column":53}},"4":{"start":{"line":5,"column":23},"end":{"line":5,"column":53}},"5":{"start":{"line":6,"column":13},"end":{"line":6,"column":42}},"6":{"start":{"line":7,"column":18},"end":{"line":7,"column":55}},"7":{"start":{"line":8,"column":17},"end":{"line":8,"column":36}},"8":{"start":{"line":9,"column":14},"end":{"line":9,"column":44}},"9":{"start":{"line":11,"column":0},"end":{"line":14,"column":3}},"10":{"start":{"line":12,"column":17},"end":{"line":12,"column":66}},"11":{"start":{"line":13,"column":2},"end":{"line":13,"column":38}},"12":{"start":{"line":16,"column":0},"end":{"line":32,"column":3}},"13":{"start":{"line":17,"column":20},"end":{"line":17,"column":38}},"14":{"start":{"line":18,"column":2},"end":{"line":18,"column":67}},"15":{"start":{"line":18,"column":13},"end":{"line":18,"column":67}},"16":{"start":{"line":20,"column":16},"end":{"line":20,"column":57}},"17":{"start":{"line":21,"column":16},"end":{"line":21,"column":57}},"18":{"start":{"line":22,"column":2},"end":{"line":23,"column":61}},"19":{"start":{"line":23,"column":4},"end":{"line":23,"column":61}},"20":{"start":{"line":25,"column":14},"end":{"line":25,"column":58}},"21":{"start":{"line":26,"column":2},"end":{"line":26,"column":78}},"22":{"start":{"line":26,"column":13},"end":{"line":26,"column":78}},"23":{"start":{"line":28,"column":2},"end":{"line":28,"column":30}},"24":{"start":{"line":29,"column":2},"end":{"line":29,"column":21}},"25":{"start":{"line":31,"column":2},"end":{"line":31,"column":37}},"26":{"start":{"line":34,"column":0},"end":{"line":55,"column":3}},"27":{"start":{"line":35,"column":2},"end":{"line":40,"column":3}},"28":{"start":{"line":36,"column":4},"end":{"line":37,"column":57}},"29":{"start":{"line":37,"column":6},"end":{"line":37,"column":57}},"30":{"start":{"line":38,"column":18},"end":{"line":38,"column":59}},"31":{"start":{"line":39,"column":4},"end":{"line":39,"column":64}},"32":{"start":{"line":39,"column":16},"end":{"line":39,"column":64}},"33":{"start":{"line":41,"column":2},"end":{"line":46,"column":3}},"34":{"start":{"line":42,"column":4},"end":{"line":43,"column":57}},"35":{"start":{"line":43,"column":6},"end":{"line":43,"column":57}},"36":{"start":{"line":44,"column":18},"end":{"line":44,"column":59}},"37":{"start":{"line":45,"column":4},"end":{"line":45,"column":64}},"38":{"start":{"line":45,"column":16},"end":{"line":45,"column":64}},"39":{"start":{"line":48,"column":16},"end":{"line":51,"column":4}},"40":{"start":{"line":52,"column":2},"end":{"line":52,"column":56}},"41":{"start":{"line":52,"column":14},"end":{"line":52,"column":56}},"42":{"start":{"line":54,"column":2},"end":{"line":54,"column":37}},"43":{"start":{"line":57,"column":0},"end":{"line":62,"column":3}},"44":{"start":{"line":58,"column":16},"end":{"line":58,"column":61}},"45":{"start":{"line":59,"column":2},"end":{"line":59,"column":62}},"46":{"start":{"line":59,"column":14},"end":{"line":59,"column":62}},"47":{"start":{"line":61,"column":2},"end":{"line":61,"column":37}},"48":{"start":{"line":65,"column":2},"end":{"line":65,"column":38}},"49":{"start":{"line":68,"column":0},"end":{"line":68,"column":24}}},"fnMap":{"0":{"name":"(anonymous_0)","decl":{"start":{"line":11,"column":16},"end":{"line":11,"column":17}},"loc":{"start":{"line":11,"column":36},"end":{"line":14,"column":1}},"line":11},"1":{"name":"(anonymous_1)","decl":{"start":{"line":16,"column":32},"end":{"line":16,"column":33}},"loc":{"start":{"line":16,"column":52},"end":{"line":32,"column":1}},"line":16},"2":{"name":"(anonymous_2)","decl":{"start":{"line":34,"column":46},"end":{"line":34,"column":47}},"loc":{"start":{"line":34,"column":72},"end":{"line":55,"column":1}},"line":34},"3":{"name":"(anonymous_3)","decl":{"start":{"line":57,"column":49},"end":{"line":57,"column":50}},"loc":{"start":{"line":57,"column":69},"end":{"line":62,"column":1}},"line":57},"4":{"name":"validMongooseId","decl":{"start":{"line":64,"column":9},"end":{"line":64,"column":24}},"loc":{"start":{"line":64,"column":29},"end":{"line":66,"column":1}},"line":64}},"branchMap":{"0":{"loc":{"start":{"line":18,"column":2},"end":{"line":18,"column":67}},"type":"if","locations":[{"start":{"line":18,"column":2},"end":{"line":18,"column":67}},{"start":{"line":18,"column":2},"end":{"line":18,"column":67}}],"line":18},"1":{"loc":{"start":{"line":22,"column":2},"end":{"line":23,"column":61}},"type":"if","locations":[{"start":{"line":22,"column":2},"end":{"line":23,"column":61}},{"start":{"line":22,"column":2},"end":{"line":23,"column":61}}],"line":22},"2":{"loc":{"start":{"line":22,"column":8},"end":{"line":22,"column":22}},"type":"binary-expr","locations":[{"start":{"line":22,"column":8},"end":{"line":22,"column":13}},{"start":{"line":22,"column":17},"end":{"line":22,"column":22}}],"line":22},"3":{"loc":{"start":{"line":26,"column":2},"end":{"line":26,"column":78}},"type":"if","locations":[{"start":{"line":26,"column":2},"end":{"line":26,"column":78}},{"start":{"line":26,"column":2},"end":{"line":26,"column":78}}],"line":26},"4":{"loc":{"start":{"line":35,"column":2},"end":{"line":40,"column":3}},"type":"if","locations":[{"start":{"line":35,"column":2},"end":{"line":40,"column":3}},{"start":{"line":35,"column":2},"end":{"line":40,"column":3}}],"line":35},"5":{"loc":{"start":{"line":36,"column":4},"end":{"line":37,"column":57}},"type":"if","locations":[{"start":{"line":36,"column":4},"end":{"line":37,"column":57}},{"start":{"line":36,"column":4},"end":{"line":37,"column":57}}],"line":36},"6":{"loc":{"start":{"line":39,"column":4},"end":{"line":39,"column":64}},"type":"if","locations":[{"start":{"line":39,"column":4},"end":{"line":39,"column":64}},{"start":{"line":39,"column":4},"end":{"line":39,"column":64}}],"line":39},"7":{"loc":{"start":{"line":41,"column":2},"end":{"line":46,"column":3}},"type":"if","locations":[{"start":{"line":41,"column":2},"end":{"line":46,"column":3}},{"start":{"line":41,"column":2},"end":{"line":46,"column":3}}],"line":41},"8":{"loc":{"start":{"line":42,"column":4},"end":{"line":43,"column":57}},"type":"if","locations":[{"start":{"line":42,"column":4},"end":{"line":43,"column":57}},{"start":{"line":42,"column":4},"end":{"line":43,"column":57}}],"line":42},"9":{"loc":{"start":{"line":45,"column":4},"end":{"line":45,"column":64}},"type":"if","locations":[{"start":{"line":45,"column":4},"end":{"line":45,"column":64}},{"start":{"line":45,"column":4},"end":{"line":45,"column":64}}],"line":45},"10":{"loc":{"start":{"line":52,"column":2},"end":{"line":52,"column":56}},"type":"if","locations":[{"start":{"line":52,"column":2},"end":{"line":52,"column":56}},{"start":{"line":52,"column":2},"end":{"line":52,"column":56}}],"line":52},"11":{"loc":{"start":{"line":59,"column":2},"end":{"line":59,"column":62}},"type":"if","locations":[{"start":{"line":59,"column":2},"end":{"line":59,"column":62}},{"start":{"line":59,"column":2},"end":{"line":59,"column":62}}],"line":59}},"s":{"0":8,"1":8,"2":8,"3":8,"4":8,"5":8,"6":8,"7":8,"8":8,"9":8,"10":1,"11":1,"12":8,"13":5,"14":5,"15":1,"16":4,"17":4,"18":4,"19":2,"20":2,"21":2,"22":1,"23":1,"24":1,"25":1,"26":8,"27":6,"28":2,"29":1,"30":1,"31":1,"32":1,"33":4,"34":2,"35":1,"36":1,"37":1,"38":1,"39":2,"40":2,"41":1,"42":1,"43":8,"44":2,"45":2,"46":1,"47":1,"48":4,"49":8},"f":{"0":1,"1":5,"2":6,"3":2,"4":4},"b":{"0":[1,4],"1":[2,2],"2":[4,3],"3":[1,1],"4":[2,4],"5":[1,1],"6":[1,0],"7":[2,2],"8":[1,1],"9":[1,0],"10":[1,1],"11":[1,1]},"_coverageSchema":"1a1c01bbd47fc00a2c39e90264f33305004495a9","hash":"3a066cc5505b2114026306934f79e7d7f21ec4cb"}
,"E:\\React Projects\\portfolio_backend_node\\router\\stacks.js": {"path":"E:\\React Projects\\portfolio_backend_node\\router\\stacks.js","statementMap":{"0":{"start":{"line":1,"column":16},"end":{"line":1,"column":34}},"1":{"start":{"line":2,"column":15},"end":{"line":2,"column":31}},"2":{"start":{"line":3,"column":28},"end":{"line":3,"column":53}},"3":{"start":{"line":4,"column":13},"end":{"line":4,"column":42}},"4":{"start":{"line":5,"column":18},"end":{"line":5,"column":55}},"5":{"start":{"line":6,"column":14},"end":{"line":6,"column":44}},"6":{"start":{"line":8,"column":0},"end":{"line":11,"column":3}},"7":{"start":{"line":9,"column":17},"end":{"line":9,"column":35}},"8":{"start":{"line":10,"column":2},"end":{"line":10,"column":26}},"9":{"start":{"line":13,"column":0},"end":{"line":24,"column":3}},"10":{"start":{"line":14,"column":20},"end":{"line":14,"column":38}},"11":{"start":{"line":15,"column":2},"end":{"line":15,"column":67}},"12":{"start":{"line":15,"column":13},"end":{"line":15,"column":67}},"13":{"start":{"line":17,"column":14},"end":{"line":17,"column":58}},"14":{"start":{"line":18,"column":2},"end":{"line":18,"column":80}},"15":{"start":{"line":18,"column":13},"end":{"line":18,"column":80}},"16":{"start":{"line":20,"column":2},"end":{"line":20,"column":30}},"17":{"start":{"line":21,"column":2},"end":{"line":21,"column":21}},"18":{"start":{"line":23,"column":2},"end":{"line":23,"column":37}},"19":{"start":{"line":26,"column":0},"end":{"line":34,"column":3}},"20":{"start":{"line":27,"column":16},"end":{"line":30,"column":4}},"21":{"start":{"line":31,"column":2},"end":{"line":31,"column":56}},"22":{"start":{"line":31,"column":14},"end":{"line":31,"column":56}},"23":{"start":{"line":33,"column":2},"end":{"line":33,"column":37}},"24":{"start":{"line":36,"column":0},"end":{"line":42,"column":3}},"25":{"start":{"line":37,"column":16},"end":{"line":37,"column":52}},"26":{"start":{"line":38,"column":2},"end":{"line":38,"column":62}},"27":{"start":{"line":38,"column":14},"end":{"line":38,"column":62}},"28":{"start":{"line":39,"column":2},"end":{"line":39,"column":23}},"29":{"start":{"line":41,"column":2},"end":{"line":41,"column":37}},"30":{"start":{"line":44,"column":0},"end":{"line":44,"column":24}}},"fnMap":{"0":{"name":"(anonymous_0)","decl":{"start":{"line":8,"column":31},"end":{"line":8,"column":32}},"loc":{"start":{"line":8,"column":51},"end":{"line":11,"column":1}},"line":8},"1":{"name":"(anonymous_1)","decl":{"start":{"line":13,"column":32},"end":{"line":13,"column":33}},"loc":{"start":{"line":13,"column":52},"end":{"line":24,"column":1}},"line":13},"2":{"name":"(anonymous_2)","decl":{"start":{"line":26,"column":46},"end":{"line":26,"column":47}},"loc":{"start":{"line":26,"column":66},"end":{"line":34,"column":1}},"line":26},"3":{"name":"(anonymous_3)","decl":{"start":{"line":36,"column":49},"end":{"line":36,"column":50}},"loc":{"start":{"line":36,"column":69},"end":{"line":42,"column":1}},"line":36}},"branchMap":{"0":{"loc":{"start":{"line":15,"column":2},"end":{"line":15,"column":67}},"type":"if","locations":[{"start":{"line":15,"column":2},"end":{"line":15,"column":67}},{"start":{"line":15,"column":2},"end":{"line":15,"column":67}}],"line":15},"1":{"loc":{"start":{"line":18,"column":2},"end":{"line":18,"column":80}},"type":"if","locations":[{"start":{"line":18,"column":2},"end":{"line":18,"column":80}},{"start":{"line":18,"column":2},"end":{"line":18,"column":80}}],"line":18},"2":{"loc":{"start":{"line":31,"column":2},"end":{"line":31,"column":56}},"type":"if","locations":[{"start":{"line":31,"column":2},"end":{"line":31,"column":56}},{"start":{"line":31,"column":2},"end":{"line":31,"column":56}}],"line":31},"3":{"loc":{"start":{"line":38,"column":2},"end":{"line":38,"column":62}},"type":"if","locations":[{"start":{"line":38,"column":2},"end":{"line":38,"column":62}},{"start":{"line":38,"column":2},"end":{"line":38,"column":62}}],"line":38}},"s":{"0":8,"1":8,"2":8,"3":8,"4":8,"5":8,"6":8,"7":1,"8":1,"9":8,"10":3,"11":3,"12":1,"13":2,"14":2,"15":1,"16":1,"17":1,"18":1,"19":8,"20":2,"21":2,"22":1,"23":1,"24":8,"25":2,"26":2,"27":1,"28":1,"29":1,"30":8},"f":{"0":1,"1":3,"2":2,"3":2},"b":{"0":[1,2],"1":[1,1],"2":[1,1],"3":[1,1]},"_coverageSchema":"1a1c01bbd47fc00a2c39e90264f33305004495a9","hash":"46687de3b4be364cc621c8240c21437203a1b25a"}
,"E:\\React Projects\\portfolio_backend_node\\router\\users.js": {"path":"E:\\React Projects\\portfolio_backend_node\\router\\users.js","statementMap":{"0":{"start":{"line":1,"column":16},"end":{"line":1,"column":34}},"1":{"start":{"line":2,"column":13},"end":{"line":2,"column":45}},"2":{"start":{"line":3,"column":15},"end":{"line":3,"column":31}},"3":{"start":{"line":4,"column":27},"end":{"line":4,"column":54}},"4":{"start":{"line":6,"column":0},"end":{"line":9,"column":3}},"5":{"start":{"line":7,"column":15},"end":{"line":7,"column":76}},"6":{"start":{"line":8,"column":2},"end":{"line":8,"column":36}},"7":{"start":{"line":11,"column":0},"end":{"line":32,"column":3}},"8":{"start":{"line":12,"column":20},"end":{"line":12,"column":38}},"9":{"start":{"line":13,"column":2},"end":{"line":13,"column":67}},"10":{"start":{"line":13,"column":13},"end":{"line":13,"column":67}},"11":{"start":{"line":15,"column":13},"end":{"line":15,"column":58}},"12":{"start":{"line":16,"column":2},"end":{"line":16,"column":65}},"13":{"start":{"line":16,"column":12},"end":{"line":16,"column":65}},"14":{"start":{"line":18,"column":2},"end":{"line":18,"column":28}},"15":{"start":{"line":19,"column":2},"end":{"line":19,"column":20}},"16":{"start":{"line":21,"column":16},"end":{"line":21,"column":34}},"17":{"start":{"line":22,"column":2},"end":{"line":31,"column":7}},"18":{"start":{"line":34,"column":0},"end":{"line":34,"column":24}}},"fnMap":{"0":{"name":"(anonymous_0)","decl":{"start":{"line":6,"column":26},"end":{"line":6,"column":27}},"loc":{"start":{"line":6,"column":46},"end":{"line":9,"column":1}},"line":6},"1":{"name":"(anonymous_1)","decl":{"start":{"line":11,"column":17},"end":{"line":11,"column":18}},"loc":{"start":{"line":11,"column":37},"end":{"line":32,"column":1}},"line":11}},"branchMap":{"0":{"loc":{"start":{"line":13,"column":2},"end":{"line":13,"column":67}},"type":"if","locations":[{"start":{"line":13,"column":2},"end":{"line":13,"column":67}},{"start":{"line":13,"column":2},"end":{"line":13,"column":67}}],"line":13},"1":{"loc":{"start":{"line":16,"column":2},"end":{"line":16,"column":65}},"type":"if","locations":[{"start":{"line":16,"column":2},"end":{"line":16,"column":65}},{"start":{"line":16,"column":2},"end":{"line":16,"column":65}}],"line":16}},"s":{"0":8,"1":8,"2":8,"3":8,"4":8,"5":0,"6":0,"7":8,"8":0,"9":0,"10":0,"11":0,"12":0,"13":0,"14":0,"15":0,"16":0,"17":0,"18":8},"f":{"0":0,"1":0},"b":{"0":[0,0],"1":[0,0]},"_coverageSchema":"1a1c01bbd47fc00a2c39e90264f33305004495a9","hash":"956896d342a45f457c81ea4f4f2ea68f64afc9ac"}
,"E:\\React Projects\\portfolio_backend_node\\startup\\config.js": {"path":"E:\\React Projects\\portfolio_backend_node\\startup\\config.js","statementMap":{"0":{"start":{"line":1,"column":0},"end":{"line":1,"column":18}},"1":{"start":{"line":2,"column":0},"end":{"line":2,"column":32}},"2":{"start":{"line":3,"column":0},"end":{"line":3,"column":58}},"3":{"start":{"line":5,"column":0},"end":{"line":10,"column":2}},"4":{"start":{"line":6,"column":2},"end":{"line":9,"column":3}},"5":{"start":{"line":7,"column":4},"end":{"line":7,"column":57}},"6":{"start":{"line":8,"column":4},"end":{"line":8,"column":20}}},"fnMap":{"0":{"name":"(anonymous_0)","decl":{"start":{"line":5,"column":17},"end":{"line":5,"column":18}},"loc":{"start":{"line":5,"column":23},"end":{"line":10,"column":1}},"line":5}},"branchMap":{"0":{"loc":{"start":{"line":6,"column":2},"end":{"line":9,"column":3}},"type":"if","locations":[{"start":{"line":6,"column":2},"end":{"line":9,"column":3}},{"start":{"line":6,"column":2},"end":{"line":9,"column":3}}],"line":6}},"s":{"0":8,"1":8,"2":8,"3":8,"4":8,"5":0,"6":0},"f":{"0":8},"b":{"0":[0,8]},"_coverageSchema":"1a1c01bbd47fc00a2c39e90264f33305004495a9","hash":"d76b5e07319aac959936852ec7e3532514b05543"}
,"E:\\React Projects\\portfolio_backend_node\\startup\\db.js": {"path":"E:\\React Projects\\portfolio_backend_node\\startup\\db.js","statementMap":{"0":{"start":{"line":1,"column":0},"end":{"line":1,"column":18}},"1":{"start":{"line":2,"column":17},"end":{"line":2,"column":36}},"2":{"start":{"line":4,"column":0},"end":{"line":13,"column":73}},"3":{"start":{"line":5,"column":2},"end":{"line":13,"column":72}},"4":{"start":{"line":12,"column":16},"end":{"line":12,"column":62}},"5":{"start":{"line":13,"column":17},"end":{"line":13,"column":71}}},"fnMap":{"0":{"name":"(anonymous_0)","decl":{"start":{"line":4,"column":17},"end":{"line":4,"column":18}},"loc":{"start":{"line":5,"column":2},"end":{"line":13,"column":72}},"line":5},"1":{"name":"(anonymous_1)","decl":{"start":{"line":12,"column":10},"end":{"line":12,"column":11}},"loc":{"start":{"line":12,"column":16},"end":{"line":12,"column":62}},"line":12},"2":{"name":"(anonymous_2)","decl":{"start":{"line":13,"column":11},"end":{"line":13,"column":12}},"loc":{"start":{"line":13,"column":17},"end":{"line":13,"column":71}},"line":13}},"branchMap":{},"s":{"0":8,"1":8,"2":8,"3":8,"4":8,"5":0},"f":{"0":8,"1":8,"2":0},"b":{},"_coverageSchema":"1a1c01bbd47fc00a2c39e90264f33305004495a9","hash":"09d687bb91e93ee19ff882d4a7fa7ae162cb08cb"}
,"E:\\React Projects\\portfolio_backend_node\\startup\\logging.js": {"path":"E:\\React Projects\\portfolio_backend_node\\startup\\logging.js","statementMap":{"0":{"start":{"line":1,"column":16},"end":{"line":1,"column":34}},"1":{"start":{"line":2,"column":0},"end":{"line":2,"column":27}},"2":{"start":{"line":4,"column":15},"end":{"line":23,"column":2}},"3":{"start":{"line":25,"column":0},"end":{"line":27,"column":3}},"4":{"start":{"line":26,"column":2},"end":{"line":26,"column":11}},"5":{"start":{"line":29,"column":0},"end":{"line":29,"column":24}}},"fnMap":{"0":{"name":"(anonymous_0)","decl":{"start":{"line":25,"column":33},"end":{"line":25,"column":34}},"loc":{"start":{"line":25,"column":41},"end":{"line":27,"column":1}},"line":25}},"branchMap":{},"s":{"0":8,"1":8,"2":8,"3":8,"4":0,"5":8},"f":{"0":0},"b":{},"_coverageSchema":"1a1c01bbd47fc00a2c39e90264f33305004495a9","hash":"44af288dd53a512d1bca33546e4dc317ac522906"}
,"E:\\React Projects\\portfolio_backend_node\\startup\\router.js": {"path":"E:\\React Projects\\portfolio_backend_node\\startup\\router.js","statementMap":{"0":{"start":{"line":1,"column":16},"end":{"line":1,"column":34}},"1":{"start":{"line":2,"column":19},"end":{"line":2,"column":48}},"2":{"start":{"line":3,"column":15},"end":{"line":3,"column":32}},"3":{"start":{"line":4,"column":22},"end":{"line":4,"column":55}},"4":{"start":{"line":5,"column":15},"end":{"line":5,"column":32}},"5":{"start":{"line":6,"column":12},"end":{"line":6,"column":32}},"6":{"start":{"line":7,"column":12},"end":{"line":7,"column":26}},"7":{"start":{"line":8,"column":13},"end":{"line":8,"column":28}},"8":{"start":{"line":10,"column":14},"end":{"line":10,"column":40}},"9":{"start":{"line":11,"column":13},"end":{"line":11,"column":38}},"10":{"start":{"line":12,"column":17},"end":{"line":12,"column":49}},"11":{"start":{"line":13,"column":19},"end":{"line":13,"column":50}},"12":{"start":{"line":14,"column":20},"end":{"line":14,"column":52}},"13":{"start":{"line":15,"column":20},"end":{"line":15,"column":52}},"14":{"start":{"line":16,"column":20},"end":{"line":16,"column":52}},"15":{"start":{"line":17,"column":15},"end":{"line":17,"column":42}},"16":{"start":{"line":18,"column":26},"end":{"line":18,"column":64}},"17":{"start":{"line":19,"column":15},"end":{"line":19,"column":42}},"18":{"start":{"line":20,"column":17},"end":{"line":20,"column":46}},"19":{"start":{"line":21,"column":17},"end":{"line":21,"column":46}},"20":{"start":{"line":22,"column":14},"end":{"line":22,"column":47}},"21":{"start":{"line":23,"column":15},"end":{"line":23,"column":35}},"22":{"start":{"line":25,"column":0},"end":{"line":51,"column":2}},"23":{"start":{"line":26,"column":2},"end":{"line":26,"column":26}},"24":{"start":{"line":27,"column":2},"end":{"line":27,"column":36}},"25":{"start":{"line":28,"column":2},"end":{"line":28,"column":24}},"26":{"start":{"line":29,"column":2},"end":{"line":29,"column":20}},"27":{"start":{"line":30,"column":2},"end":{"line":30,"column":27}},"28":{"start":{"line":31,"column":2},"end":{"line":31,"column":17}},"29":{"start":{"line":32,"column":2},"end":{"line":32,"column":17}},"30":{"start":{"line":33,"column":2},"end":{"line":33,"column":18}},"31":{"start":{"line":34,"column":2},"end":{"line":36,"column":3}},"32":{"start":{"line":35,"column":4},"end":{"line":35,"column":27}},"33":{"start":{"line":38,"column":2},"end":{"line":38,"column":31}},"34":{"start":{"line":39,"column":2},"end":{"line":39,"column":29}},"35":{"start":{"line":40,"column":2},"end":{"line":40,"column":37}},"36":{"start":{"line":41,"column":2},"end":{"line":41,"column":41}},"37":{"start":{"line":42,"column":2},"end":{"line":42,"column":43}},"38":{"start":{"line":43,"column":2},"end":{"line":43,"column":44}},"39":{"start":{"line":44,"column":2},"end":{"line":44,"column":44}},"40":{"start":{"line":45,"column":2},"end":{"line":45,"column":33}},"41":{"start":{"line":46,"column":2},"end":{"line":46,"column":48}},"42":{"start":{"line":47,"column":2},"end":{"line":47,"column":33}},"43":{"start":{"line":48,"column":2},"end":{"line":48,"column":37}},"44":{"start":{"line":49,"column":2},"end":{"line":49,"column":37}},"45":{"start":{"line":50,"column":2},"end":{"line":50,"column":25}}},"fnMap":{"0":{"name":"(anonymous_0)","decl":{"start":{"line":25,"column":17},"end":{"line":25,"column":18}},"loc":{"start":{"line":25,"column":26},"end":{"line":51,"column":1}},"line":25}},"branchMap":{"0":{"loc":{"start":{"line":34,"column":2},"end":{"line":36,"column":3}},"type":"if","locations":[{"start":{"line":34,"column":2},"end":{"line":36,"column":3}},{"start":{"line":34,"column":2},"end":{"line":36,"column":3}}],"line":34}},"s":{"0":8,"1":8,"2":8,"3":8,"4":8,"5":8,"6":8,"7":8,"8":8,"9":8,"10":8,"11":8,"12":8,"13":8,"14":8,"15":8,"16":8,"17":8,"18":8,"19":8,"20":8,"21":8,"22":8,"23":8,"24":8,"25":8,"26":8,"27":8,"28":8,"29":8,"30":8,"31":8,"32":0,"33":8,"34":8,"35":8,"36":8,"37":8,"38":8,"39":8,"40":8,"41":8,"42":8,"43":8,"44":8,"45":8},"f":{"0":8},"b":{"0":[0,8]},"_coverageSchema":"1a1c01bbd47fc00a2c39e90264f33305004495a9","hash":"2b51a1455477d23478584809078a6ecb0957c986"}
,"E:\\React Projects\\portfolio_backend_node\\startup\\validation.js": {"path":"E:\\React Projects\\portfolio_backend_node\\startup\\validation.js","statementMap":{"0":{"start":{"line":1,"column":12},"end":{"line":1,"column":32}},"1":{"start":{"line":3,"column":0},"end":{"line":5,"column":2}},"2":{"start":{"line":4,"column":2},"end":{"line":4,"column":46}}},"fnMap":{"0":{"name":"(anonymous_0)","decl":{"start":{"line":3,"column":17},"end":{"line":3,"column":18}},"loc":{"start":{"line":3,"column":23},"end":{"line":5,"column":1}},"line":3}},"branchMap":{},"s":{"0":8,"1":8,"2":8},"f":{"0":8},"b":{},"_coverageSchema":"1a1c01bbd47fc00a2c39e90264f33305004495a9","hash":"692f98ce16f878fdd86760ccfe28b2b74eb743d3"}
}
