TN:
SF:index.js
FN:14,(anonymous_0)
FNF:1
FNH:1
FNDA:8,(anonymous_0)
DA:1,8
DA:2,8
DA:3,8
DA:5,8
DA:6,8
DA:7,8
DA:8,8
DA:10,8
DA:12,8
DA:14,8
DA:15,8
DA:21,8
LF:12
LH:12
BRDA:12,0,0,8
BRDA:12,0,1,0
BRF:2
BRH:1
end_of_record
TN:
SF:middleware\admin.js
FN:1,(anonymous_0)
FNF:1
FNH:1
FNDA:85,(anonymous_0)
DA:1,9
DA:2,85
DA:3,11
DA:4,74
LF:4
LH:4
BRDA:2,0,0,11
BRDA:2,0,1,74
BRF:2
BRH:2
end_of_record
TN:
SF:middleware\auth.js
FN:3,(anonymous_0)
FNF:1
FNH:1
FNDA:95,(anonymous_0)
DA:1,8
DA:3,8
DA:4,95
DA:5,95
DA:7,84
DA:8,84
DA:9,84
DA:10,84
DA:12,0
LF:9
LH:8
BRDA:5,0,0,11
BRDA:5,0,1,84
BRF:2
BRH:2
end_of_record
TN:
SF:middleware\error.js
FN:1,(anonymous_0)
FN:1,(anonymous_1)
FNF:2
FNH:2
FNDA:8,(anonymous_0)
FNDA:6,(anonymous_1)
DA:1,8
DA:2,6
DA:3,1
DA:4,1
DA:5,1
DA:9,5
DA:10,4
DA:19,1
DA:20,0
DA:23,1
DA:25,1
LF:11
LH:10
BRDA:2,0,0,1
BRDA:2,0,1,5
BRDA:9,1,0,4
BRDA:9,1,1,1
BRDA:9,2,0,5
BRDA:9,2,1,4
BRDA:19,3,0,0
BRDA:19,3,1,1
BRDA:19,4,0,1
BRDA:19,4,1,0
BRF:10
BRH:8
end_of_record
TN:
SF:middleware\isMongooseId.js
FN:3,(anonymous_0)
FNF:1
FNH:1
FNDA:34,(anonymous_0)
DA:1,9
DA:3,9
DA:4,34
DA:5,34
DA:6,34
DA:7,1
LF:6
LH:6
BRDA:4,0,0,34
BRDA:4,0,1,0
BRDA:6,1,0,33
BRDA:6,1,1,1
BRF:4
BRH:3
end_of_record
TN:
SF:model\Contact.js
FN:26,(anonymous_0)
FNF:1
FNH:0
FNDA:0,(anonymous_0)
DA:1,8
DA:2,8
DA:4,8
DA:24,8
DA:26,8
DA:27,0
DA:37,0
DA:40,8
DA:41,8
LF:9
LH:7
BRF:0
BRH:0
end_of_record
TN:
SF:model\Education.js
FN:32,(anonymous_0)
FNF:1
FNH:1
FNDA:4,(anonymous_0)
DA:1,8
DA:2,8
DA:4,8
DA:30,8
DA:32,8
DA:33,4
DA:40,4
DA:43,8
DA:44,8
LF:9
LH:9
BRF:0
BRH:0
end_of_record
TN:
SF:model\Employment.js
FN:32,(anonymous_0)
FNF:1
FNH:1
FNDA:4,(anonymous_0)
DA:1,8
DA:2,8
DA:4,8
DA:30,8
DA:32,8
DA:33,4
DA:40,4
DA:43,8
DA:44,8
LF:9
LH:9
BRF:0
BRH:0
end_of_record
TN:
SF:model\My_Info.js
FN:56,(anonymous_0)
FNF:1
FNH:1
FNDA:2,(anonymous_0)
DA:1,8
DA:2,8
DA:3,8
DA:5,8
DA:54,8
DA:56,8
DA:57,2
DA:73,2
DA:76,8
DA:77,8
LF:10
LH:10
BRF:0
BRH:0
end_of_record
TN:
SF:model\Project.js
FN:33,(anonymous_0)
FNF:1
FNH:0
FNDA:0,(anonymous_0)
DA:1,8
DA:2,8
DA:4,8
DA:31,8
DA:33,8
DA:34,0
DA:42,0
DA:45,8
DA:46,8
LF:9
LH:7
BRF:0
BRH:0
end_of_record
TN:
SF:model\ProjectCategory.js
FN:20,(anonymous_0)
FN:27,(anonymous_1)
FNF:2
FNH:2
FNDA:1,(anonymous_0)
FNDA:4,(anonymous_1)
DA:1,8
DA:2,8
DA:4,8
DA:20,8
DA:21,1
DA:22,1
DA:25,8
DA:27,8
DA:28,4
DA:33,4
DA:36,8
DA:37,8
LF:12
LH:12
BRF:0
BRH:0
end_of_record
TN:
SF:model\Skill.js
FN:29,(anonymous_0)
FNF:1
FNH:1
FNDA:5,(anonymous_0)
DA:1,8
DA:2,8
DA:4,8
DA:27,8
DA:29,8
DA:30,5
DA:37,5
DA:40,8
DA:41,8
LF:9
LH:9
BRF:0
BRH:0
end_of_record
TN:
SF:model\SkillLabel.js
FN:20,(anonymous_0)
FN:27,(anonymous_1)
FN:30,(anonymous_2)
FNF:3
FNH:3
FNDA:1,(anonymous_0)
FNDA:8,(anonymous_1)
FNDA:4,(anonymous_2)
DA:1,8
DA:2,8
DA:4,8
DA:20,8
DA:21,1
DA:22,1
DA:25,8
DA:27,8
DA:28,8
DA:30,8
DA:31,4
DA:36,4
DA:39,8
DA:40,8
LF:14
LH:14
BRF:0
BRH:0
end_of_record
TN:
SF:model\SkillLevel.js
FN:17,(anonymous_0)
FNF:1
FNH:1
FNDA:4,(anonymous_0)
DA:1,8
DA:2,8
DA:4,8
DA:15,8
DA:17,8
DA:18,4
DA:22,4
DA:25,8
DA:26,8
LF:9
LH:9
BRF:0
BRH:0
end_of_record
TN:
SF:model\Stack.js
FN:17,(anonymous_0)
FNF:1
FNH:1
FNDA:3,(anonymous_0)
DA:1,8
DA:2,8
DA:4,8
DA:15,8
DA:17,8
DA:18,3
DA:22,3
DA:25,8
DA:26,8
LF:9
LH:9
BRF:0
BRH:0
end_of_record
TN:
SF:model\User.js
FN:35,(anonymous_0)
FN:53,(anonymous_1)
FN:63,(anonymous_2)
FNF:3
FNH:1
FNDA:113,(anonymous_0)
FNDA:0,(anonymous_1)
FNDA:0,(anonymous_2)
DA:1,9
DA:2,9
DA:3,9
DA:4,9
DA:6,9
DA:35,9
DA:36,113
DA:50,113
DA:53,9
DA:54,0
DA:56,0
DA:57,0
DA:58,0
DA:61,9
DA:63,9
DA:64,0
DA:79,0
DA:82,9
DA:83,9
LF:19
LH:13
BRDA:54,0,0,0
BRDA:54,0,1,0
BRF:2
BRH:0
end_of_record
TN:
SF:router\auth.js
FN:7,(anonymous_0)
FN:21,(anonymous_1)
FNF:2
FNH:0
FNDA:0,(anonymous_0)
FNDA:0,(anonymous_1)
DA:1,8
DA:2,8
DA:3,8
DA:4,8
DA:5,8
DA:7,8
DA:8,0
DA:9,0
DA:11,0
DA:12,0
DA:14,0
DA:15,0
DA:17,0
DA:18,0
DA:21,8
DA:22,0
DA:27,0
DA:30,8
LF:18
LH:8
BRDA:9,0,0,0
BRDA:9,0,1,0
BRDA:12,1,0,0
BRDA:12,1,1,0
BRDA:15,2,0,0
BRDA:15,2,1,0
BRF:6
BRH:0
end_of_record
TN:
SF:router\contacts.js
FN:8,(anonymous_0)
FN:14,(anonymous_1)
FN:24,(anonymous_2)
FNF:3
FNH:0
FNDA:0,(anonymous_0)
FNDA:0,(anonymous_1)
FNDA:0,(anonymous_2)
DA:1,8
DA:2,8
DA:3,8
DA:4,8
DA:5,8
DA:6,8
DA:8,8
DA:9,0
DA:11,0
DA:14,8
DA:15,0
DA:16,0
DA:18,0
DA:19,0
DA:21,0
DA:24,8
DA:25,0
DA:26,0
DA:28,0
DA:31,8
LF:20
LH:10
BRDA:16,0,0,0
BRDA:16,0,1,0
BRDA:26,1,0,0
BRDA:26,1,1,0
BRF:4
BRH:0
end_of_record
TN:
SF:router\educations.js
FN:8,(anonymous_0)
FN:14,(anonymous_1)
FN:30,(anonymous_2)
FN:44,(anonymous_3)
FNF:4
FNH:4
FNDA:1,(anonymous_0)
FNDA:4,(anonymous_1)
FNDA:2,(anonymous_2)
FNDA:2,(anonymous_3)
DA:1,8
DA:2,8
DA:3,8
DA:4,8
DA:5,8
DA:6,8
DA:8,8
DA:9,1
DA:11,1
DA:14,8
DA:15,4
DA:16,4
DA:18,3
DA:19,3
DA:20,1
DA:24,2
DA:25,2
DA:27,1
DA:30,8
DA:31,2
DA:39,2
DA:41,1
DA:44,8
DA:45,2
DA:46,2
DA:48,1
DA:51,8
LF:27
LH:27
BRDA:16,0,0,1
BRDA:16,0,1,3
BRDA:19,1,0,1
BRDA:19,1,1,2
BRDA:39,2,0,1
BRDA:39,2,1,1
BRDA:46,3,0,1
BRDA:46,3,1,1
BRF:8
BRH:8
end_of_record
TN:
SF:router\employments.js
FN:8,(anonymous_0)
FN:14,(anonymous_1)
FN:32,(anonymous_2)
FN:46,(anonymous_3)
FNF:4
FNH:4
FNDA:1,(anonymous_0)
FNDA:4,(anonymous_1)
FNDA:2,(anonymous_2)
FNDA:2,(anonymous_3)
DA:1,8
DA:2,8
DA:3,8
DA:4,8
DA:5,8
DA:6,8
DA:8,8
DA:9,1
DA:11,1
DA:14,8
DA:15,4
DA:16,4
DA:18,3
DA:21,3
DA:22,1
DA:26,2
DA:27,2
DA:29,1
DA:32,8
DA:33,2
DA:41,2
DA:43,1
DA:46,8
DA:47,2
DA:48,2
DA:50,1
DA:53,8
LF:27
LH:27
BRDA:16,0,0,1
BRDA:16,0,1,3
BRDA:21,1,0,1
BRDA:21,1,1,2
BRDA:41,2,0,1
BRDA:41,2,1,1
BRDA:48,3,0,1
BRDA:48,3,1,1
BRF:8
BRH:8
end_of_record
TN:
SF:router\my_infos.js
FN:10,(anonymous_0)
FN:15,(anonymous_1)
FN:28,(anonymous_2)
FN:36,(anonymous_3)
FN:66,(anonymous_4)
FNF:5
FNH:5
FNDA:1,(anonymous_0)
FNDA:3,(anonymous_1)
FNDA:2,(anonymous_2)
FNDA:3,(anonymous_3)
FNDA:3,(anonymous_4)
DA:1,8
DA:2,8
DA:3,8
DA:5,8
DA:6,8
DA:7,8
DA:8,8
DA:10,8
DA:11,1
DA:12,1
DA:15,8
DA:16,3
DA:17,3
DA:19,2
DA:20,2
DA:22,1
DA:23,1
DA:25,1
DA:28,8
DA:29,2
DA:33,1
DA:36,8
DA:37,3
DA:38,2
DA:39,2
DA:40,1
DA:42,1
DA:43,0
DA:47,1
DA:48,1
DA:52,1
DA:53,1
DA:54,1
DA:57,1
DA:58,1
DA:63,1
DA:66,8
DA:67,3
DA:68,1
DA:69,2
DA:70,2
DA:74,1
DA:76,1
DA:77,1
DA:81,1
DA:82,1
DA:83,1
DA:86,1
DA:87,1
DA:92,1
DA:95,8
LF:51
LH:50
BRDA:17,0,0,1
BRDA:17,0,1,2
BRDA:20,1,0,1
BRDA:20,1,1,1
BRDA:37,2,0,1
BRDA:37,2,1,2
BRDA:39,3,0,1
BRDA:39,3,1,1
BRDA:42,4,0,0
BRDA:42,4,1,1
BRDA:53,5,0,1
BRDA:53,5,1,0
BRDA:67,6,0,1
BRDA:67,6,1,2
BRDA:70,7,0,1
BRDA:70,7,1,1
BRDA:71,8,0,2
BRDA:71,8,1,1
BRDA:82,9,0,1
BRDA:82,9,1,0
BRF:20
BRH:17
end_of_record
TN:
SF:router\projectCategories.js
FN:8,(anonymous_0)
FN:13,(anonymous_1)
FN:27,(anonymous_2)
FN:38,(anonymous_3)
FNF:4
FNH:4
FNDA:1,(anonymous_0)
FNDA:4,(anonymous_1)
FNDA:2,(anonymous_2)
FNDA:2,(anonymous_3)
DA:1,8
DA:2,8
DA:3,8
DA:4,8
DA:5,8
DA:6,8
DA:8,8
DA:9,1
DA:10,1
DA:13,8
DA:14,4
DA:15,4
DA:17,3
DA:18,3
DA:19,1
DA:21,2
DA:22,2
DA:24,1
DA:27,8
DA:28,2
DA:33,2
DA:35,1
DA:38,8
DA:39,2
DA:40,2
DA:41,1
DA:43,1
DA:46,8
LF:28
LH:28
BRDA:15,0,0,1
BRDA:15,0,1,3
BRDA:18,1,0,1
BRDA:18,1,1,2
BRDA:33,2,0,1
BRDA:33,2,1,1
BRDA:40,3,0,1
BRDA:40,3,1,1
BRF:8
BRH:8
end_of_record
TN:
SF:router\projects.js
FN:13,(anonymous_0)
FN:18,(anonymous_1)
FN:28,(anonymous_2)
FN:34,(anonymous_3)
FN:46,(anonymous_4)
FN:81,(anonymous_5)
FN:92,(anonymous_6)
FN:96,(anonymous_7)
FN:111,(anonymous_8)
FN:129,isValidId
FNF:10
FNH:0
FNDA:0,(anonymous_0)
FNDA:0,(anonymous_1)
FNDA:0,(anonymous_2)
FNDA:0,(anonymous_3)
FNDA:0,(anonymous_4)
FNDA:0,(anonymous_5)
FNDA:0,(anonymous_6)
FNDA:0,(anonymous_7)
FNDA:0,(anonymous_8)
FNDA:0,isValidId
DA:1,8
DA:2,8
DA:3,8
DA:4,8
DA:5,8
DA:6,8
DA:7,8
DA:8,8
DA:9,8
DA:10,8
DA:11,8
DA:13,8
DA:14,0
DA:15,0
DA:18,8
DA:19,0
DA:20,0
DA:22,0
DA:23,0
DA:24,0
DA:26,0
DA:27,0
DA:28,0
DA:29,0
DA:32,0
DA:33,0
DA:34,0
DA:35,0
DA:36,0
DA:39,0
DA:41,0
DA:43,0
DA:46,8
DA:47,0
DA:48,0
DA:50,0
DA:51,0
DA:53,0
DA:54,0
DA:56,0
DA:57,0
DA:61,0
DA:62,0
DA:66,0
DA:67,0
DA:68,0
DA:70,0
DA:72,0
DA:78,0
DA:81,8
DA:82,0
DA:83,0
DA:85,0
DA:86,0
DA:87,0
DA:88,0
DA:89,0
DA:91,0
DA:92,0
DA:93,0
DA:96,0
DA:97,0
DA:98,0
DA:102,0
DA:106,0
DA:108,0
DA:111,8
DA:112,0
DA:113,0
DA:114,0
DA:116,0
DA:117,0
DA:121,0
DA:122,0
DA:123,0
DA:126,0
DA:130,0
DA:133,8
LF:78
LH:17
BRDA:20,0,0,0
BRDA:20,0,1,0
BRDA:23,1,0,0
BRDA:23,1,1,0
BRDA:26,2,0,0
BRDA:26,2,1,0
BRDA:29,3,0,0
BRDA:29,3,1,0
BRDA:33,4,0,0
BRDA:33,4,1,0
BRDA:36,5,0,0
BRDA:36,5,1,0
BRDA:48,6,0,0
BRDA:48,6,1,0
BRDA:51,7,0,0
BRDA:51,7,1,0
BRDA:53,8,0,0
BRDA:53,8,1,0
BRDA:56,9,0,0
BRDA:56,9,1,0
BRDA:67,10,0,0
BRDA:67,10,1,0
BRDA:85,11,0,0
BRDA:85,11,1,0
BRDA:86,12,0,0
BRDA:86,12,1,0
BRDA:89,13,0,0
BRDA:89,13,1,0
BRDA:91,14,0,0
BRDA:91,14,1,0
BRDA:93,15,0,0
BRDA:93,15,1,0
BRDA:98,16,0,0
BRDA:98,16,1,0
BRDA:106,17,0,0
BRDA:106,17,1,0
BRDA:113,18,0,0
BRDA:113,18,1,0
BRDA:122,19,0,0
BRDA:122,19,1,0
BRF:40
BRH:0
end_of_record
TN:
SF:router\skillLabels.js
FN:8,(anonymous_0)
FN:13,(anonymous_1)
FN:26,(anonymous_2)
FN:36,(anonymous_3)
FNF:4
FNH:4
FNDA:1,(anonymous_0)
FNDA:4,(anonymous_1)
FNDA:2,(anonymous_2)
FNDA:2,(anonymous_3)
DA:1,8
DA:2,8
DA:3,8
DA:4,8
DA:5,8
DA:6,8
DA:8,8
DA:9,1
DA:10,1
DA:13,8
DA:14,4
DA:15,4
DA:17,3
DA:18,3
DA:20,2
DA:21,2
DA:23,1
DA:26,8
DA:27,2
DA:31,2
DA:33,1
DA:36,8
DA:37,2
DA:38,2
DA:40,1
DA:41,1
DA:44,8
LF:27
LH:27
BRDA:15,0,0,1
BRDA:15,0,1,3
BRDA:18,1,0,1
BRDA:18,1,1,2
BRDA:31,2,0,1
BRDA:31,2,1,1
BRDA:38,3,0,1
BRDA:38,3,1,1
BRF:8
BRH:8
end_of_record
TN:
SF:router\skillLevels.js
FN:8,(anonymous_0)
FN:13,(anonymous_1)
FN:26,(anonymous_2)
FN:36,(anonymous_3)
FNF:4
FNH:4
FNDA:1,(anonymous_0)
FNDA:4,(anonymous_1)
FNDA:2,(anonymous_2)
FNDA:2,(anonymous_3)
DA:1,8
DA:2,8
DA:3,8
DA:4,8
DA:5,8
DA:6,8
DA:8,8
DA:9,1
DA:10,1
DA:13,8
DA:14,4
DA:15,4
DA:17,2
DA:18,2
DA:20,1
DA:21,1
DA:23,1
DA:26,8
DA:27,2
DA:31,2
DA:33,1
DA:36,8
DA:37,2
DA:38,2
DA:40,2
DA:43,8
LF:26
LH:26
BRDA:15,0,0,2
BRDA:15,0,1,2
BRDA:18,1,0,1
BRDA:18,1,1,1
BRDA:31,2,0,1
BRDA:31,2,1,1
BRDA:38,3,0,1
BRDA:38,3,1,1
BRF:8
BRH:8
end_of_record
TN:
SF:router\skills.js
FN:11,(anonymous_0)
FN:16,(anonymous_1)
FN:34,(anonymous_2)
FN:57,(anonymous_3)
FN:64,validMongooseId
FNF:5
FNH:5
FNDA:1,(anonymous_0)
FNDA:5,(anonymous_1)
FNDA:6,(anonymous_2)
FNDA:2,(anonymous_3)
FNDA:4,validMongooseId
DA:1,8
DA:2,8
DA:3,8
DA:4,8
DA:5,8
DA:6,8
DA:7,8
DA:8,8
DA:9,8
DA:11,8
DA:12,1
DA:13,1
DA:16,8
DA:17,5
DA:18,5
DA:20,4
DA:21,4
DA:22,4
DA:23,2
DA:25,2
DA:26,2
DA:28,1
DA:29,1
DA:31,1
DA:34,8
DA:35,6
DA:36,2
DA:37,1
DA:38,1
DA:39,1
DA:41,4
DA:42,2
DA:43,1
DA:44,1
DA:45,1
DA:48,2
DA:52,2
DA:54,1
DA:57,8
DA:58,2
DA:59,2
DA:61,1
DA:65,4
DA:68,8
LF:44
LH:44
BRDA:18,0,0,1
BRDA:18,0,1,4
BRDA:22,1,0,2
BRDA:22,1,1,2
BRDA:22,2,0,4
BRDA:22,2,1,3
BRDA:26,3,0,1
BRDA:26,3,1,1
BRDA:35,4,0,2
BRDA:35,4,1,4
BRDA:36,5,0,1
BRDA:36,5,1,1
BRDA:39,6,0,1
BRDA:39,6,1,0
BRDA:41,7,0,2
BRDA:41,7,1,2
BRDA:42,8,0,1
BRDA:42,8,1,1
BRDA:45,9,0,1
BRDA:45,9,1,0
BRDA:52,10,0,1
BRDA:52,10,1,1
BRDA:59,11,0,1
BRDA:59,11,1,1
BRF:24
BRH:22
end_of_record
TN:
SF:router\stacks.js
FN:8,(anonymous_0)
FN:13,(anonymous_1)
FN:26,(anonymous_2)
FN:36,(anonymous_3)
FNF:4
FNH:4
FNDA:1,(anonymous_0)
FNDA:3,(anonymous_1)
FNDA:2,(anonymous_2)
FNDA:2,(anonymous_3)
DA:1,8
DA:2,8
DA:3,8
DA:4,8
DA:5,8
DA:6,8
DA:8,8
DA:9,1
DA:10,1
DA:13,8
DA:14,3
DA:15,3
DA:17,2
DA:18,2
DA:20,1
DA:21,1
DA:23,1
DA:26,8
DA:27,2
DA:31,2
DA:33,1
DA:36,8
DA:37,2
DA:38,2
DA:39,1
DA:41,1
DA:44,8
LF:27
LH:27
BRDA:15,0,0,1
BRDA:15,0,1,2
BRDA:18,1,0,1
BRDA:18,1,1,1
BRDA:31,2,0,1
BRDA:31,2,1,1
BRDA:38,3,0,1
BRDA:38,3,1,1
BRF:8
BRH:8
end_of_record
TN:
SF:router\users.js
FN:6,(anonymous_0)
FN:11,(anonymous_1)
FNF:2
FNH:0
FNDA:0,(anonymous_0)
FNDA:0,(anonymous_1)
DA:1,8
DA:2,8
DA:3,8
DA:4,8
DA:6,8
DA:7,0
DA:8,0
DA:11,8
DA:12,0
DA:13,0
DA:15,0
DA:16,0
DA:18,0
DA:19,0
DA:21,0
DA:22,0
DA:34,8
LF:17
LH:7
BRDA:13,0,0,0
BRDA:13,0,1,0
BRDA:16,1,0,0
BRDA:16,1,1,0
BRF:4
BRH:0
end_of_record
TN:
SF:startup\config.js
FN:5,(anonymous_0)
FNF:1
FNH:1
FNDA:8,(anonymous_0)
DA:1,8
DA:2,8
DA:3,8
DA:5,8
DA:6,8
DA:7,0
DA:8,0
LF:7
LH:5
BRDA:6,0,0,0
BRDA:6,0,1,8
BRF:2
BRH:1
end_of_record
TN:
SF:startup\db.js
FN:4,(anonymous_0)
FN:12,(anonymous_1)
FN:13,(anonymous_2)
FNF:3
FNH:2
FNDA:8,(anonymous_0)
FNDA:8,(anonymous_1)
FNDA:0,(anonymous_2)
DA:1,8
DA:2,8
DA:4,8
DA:5,8
DA:12,8
DA:13,0
LF:6
LH:5
BRF:0
BRH:0
end_of_record
TN:
SF:startup\logging.js
FN:25,(anonymous_0)
FNF:1
FNH:0
FNDA:0,(anonymous_0)
DA:1,8
DA:2,8
DA:4,8
DA:25,8
DA:26,0
DA:29,8
LF:6
LH:5
BRF:0
BRH:0
end_of_record
TN:
SF:startup\router.js
FN:25,(anonymous_0)
FNF:1
FNH:1
FNDA:8,(anonymous_0)
DA:1,8
DA:2,8
DA:3,8
DA:4,8
DA:5,8
DA:6,8
DA:7,8
DA:8,8
DA:10,8
DA:11,8
DA:12,8
DA:13,8
DA:14,8
DA:15,8
DA:16,8
DA:17,8
DA:18,8
DA:19,8
DA:20,8
DA:21,8
DA:22,8
DA:23,8
DA:25,8
DA:26,8
DA:27,8
DA:28,8
DA:29,8
DA:30,8
DA:31,8
DA:32,8
DA:33,8
DA:34,8
DA:35,0
DA:38,8
DA:39,8
DA:40,8
DA:41,8
DA:42,8
DA:43,8
DA:44,8
DA:45,8
DA:46,8
DA:47,8
DA:48,8
DA:49,8
DA:50,8
LF:46
LH:45
BRDA:34,0,0,0
BRDA:34,0,1,8
BRF:2
BRH:1
end_of_record
TN:
SF:startup\validation.js
FN:3,(anonymous_0)
FNF:1
FNH:1
FNDA:8,(anonymous_0)
DA:1,8
DA:3,8
DA:4,8
LF:3
LH:3
BRF:0
BRH:0
end_of_record
